<?xml version="1.0" encoding="UTF-8"?>
<testsuite xmlns:xsi="http://www.w3.org/2001/XMLSchema-instance" xsi:noNamespaceSchemaLocation="https://maven.apache.org/surefire/maven-surefire-plugin/xsd/surefire-test-report.xsd" name="com.cliente.BuilderClienteApiApplicationTests" time="2.862" tests="1" errors="1" skipped="0" failures="0">
  <properties>
    <property name="java.specification.version" value="14"/>
    <property name="sun.jnu.encoding" value="UTF-8"/>
    <property name="java.class.path" value="/home/carnegie/projects/workspace/builder-cliente-api/target/test-classes:/home/carnegie/projects/workspace/builder-cliente-api/target/classes:/home/carnegie/.m2/repository/org/springframework/boot/spring-boot-starter-data-jpa/2.5.2/spring-boot-starter-data-jpa-2.5.2.jar:/home/carnegie/.m2/repository/org/springframework/boot/spring-boot-starter-aop/2.5.2/spring-boot-starter-aop-2.5.2.jar:/home/carnegie/.m2/repository/org/springframework/spring-aop/5.3.8/spring-aop-5.3.8.jar:/home/carnegie/.m2/repository/org/aspectj/aspectjweaver/1.9.6/aspectjweaver-1.9.6.jar:/home/carnegie/.m2/repository/org/springframework/boot/spring-boot-starter-jdbc/2.5.2/spring-boot-starter-jdbc-2.5.2.jar:/home/carnegie/.m2/repository/com/zaxxer/HikariCP/4.0.3/HikariCP-4.0.3.jar:/home/carnegie/.m2/repository/org/springframework/spring-jdbc/5.3.8/spring-jdbc-5.3.8.jar:/home/carnegie/.m2/repository/jakarta/transaction/jakarta.transaction-api/1.3.3/jakarta.transaction-api-1.3.3.jar:/home/carnegie/.m2/repository/jakarta/persistence/jakarta.persistence-api/2.2.3/jakarta.persistence-api-2.2.3.jar:/home/carnegie/.m2/repository/org/hibernate/hibernate-core/5.4.32.Final/hibernate-core-5.4.32.Final.jar:/home/carnegie/.m2/repository/org/jboss/logging/jboss-logging/3.4.2.Final/jboss-logging-3.4.2.Final.jar:/home/carnegie/.m2/repository/org/javassist/javassist/3.27.0-GA/javassist-3.27.0-GA.jar:/home/carnegie/.m2/repository/net/bytebuddy/byte-buddy/1.10.22/byte-buddy-1.10.22.jar:/home/carnegie/.m2/repository/antlr/antlr/2.7.7/antlr-2.7.7.jar:/home/carnegie/.m2/repository/org/jboss/jandex/2.2.3.Final/jandex-2.2.3.Final.jar:/home/carnegie/.m2/repository/com/fasterxml/classmate/1.5.1/classmate-1.5.1.jar:/home/carnegie/.m2/repository/org/dom4j/dom4j/2.1.3/dom4j-2.1.3.jar:/home/carnegie/.m2/repository/org/hibernate/common/hibernate-commons-annotations/5.1.2.Final/hibernate-commons-annotations-5.1.2.Final.jar:/home/carnegie/.m2/repository/org/glassfish/jaxb/jaxb-runtime/2.3.4/jaxb-runtime-2.3.4.jar:/home/carnegie/.m2/repository/org/glassfish/jaxb/txw2/2.3.4/txw2-2.3.4.jar:/home/carnegie/.m2/repository/com/sun/istack/istack-commons-runtime/3.0.12/istack-commons-runtime-3.0.12.jar:/home/carnegie/.m2/repository/com/sun/activation/jakarta.activation/1.2.2/jakarta.activation-1.2.2.jar:/home/carnegie/.m2/repository/org/springframework/data/spring-data-jpa/2.5.2/spring-data-jpa-2.5.2.jar:/home/carnegie/.m2/repository/org/springframework/data/spring-data-commons/2.5.2/spring-data-commons-2.5.2.jar:/home/carnegie/.m2/repository/org/springframework/spring-orm/5.3.8/spring-orm-5.3.8.jar:/home/carnegie/.m2/repository/org/springframework/spring-context/5.3.8/spring-context-5.3.8.jar:/home/carnegie/.m2/repository/org/springframework/spring-tx/5.3.8/spring-tx-5.3.8.jar:/home/carnegie/.m2/repository/org/springframework/spring-beans/5.3.8/spring-beans-5.3.8.jar:/home/carnegie/.m2/repository/org/slf4j/slf4j-api/1.7.31/slf4j-api-1.7.31.jar:/home/carnegie/.m2/repository/org/springframework/spring-aspects/5.3.8/spring-aspects-5.3.8.jar:/home/carnegie/.m2/repository/org/springframework/boot/spring-boot-starter-web/2.5.2/spring-boot-starter-web-2.5.2.jar:/home/carnegie/.m2/repository/org/springframework/boot/spring-boot-starter/2.5.2/spring-boot-starter-2.5.2.jar:/home/carnegie/.m2/repository/org/springframework/boot/spring-boot-starter-logging/2.5.2/spring-boot-starter-logging-2.5.2.jar:/home/carnegie/.m2/repository/ch/qos/logback/logback-classic/1.2.3/logback-classic-1.2.3.jar:/home/carnegie/.m2/repository/ch/qos/logback/logback-core/1.2.3/logback-core-1.2.3.jar:/home/carnegie/.m2/repository/org/apache/logging/log4j/log4j-to-slf4j/2.14.1/log4j-to-slf4j-2.14.1.jar:/home/carnegie/.m2/repository/org/apache/logging/log4j/log4j-api/2.14.1/log4j-api-2.14.1.jar:/home/carnegie/.m2/repository/org/slf4j/jul-to-slf4j/1.7.31/jul-to-slf4j-1.7.31.jar:/home/carnegie/.m2/repository/jakarta/annotation/jakarta.annotation-api/1.3.5/jakarta.annotation-api-1.3.5.jar:/home/carnegie/.m2/repository/org/yaml/snakeyaml/1.28/snakeyaml-1.28.jar:/home/carnegie/.m2/repository/org/springframework/boot/spring-boot-starter-json/2.5.2/spring-boot-starter-json-2.5.2.jar:/home/carnegie/.m2/repository/com/fasterxml/jackson/core/jackson-databind/2.12.3/jackson-databind-2.12.3.jar:/home/carnegie/.m2/repository/com/fasterxml/jackson/core/jackson-annotations/2.12.3/jackson-annotations-2.12.3.jar:/home/carnegie/.m2/repository/com/fasterxml/jackson/core/jackson-core/2.12.3/jackson-core-2.12.3.jar:/home/carnegie/.m2/repository/com/fasterxml/jackson/datatype/jackson-datatype-jdk8/2.12.3/jackson-datatype-jdk8-2.12.3.jar:/home/carnegie/.m2/repository/com/fasterxml/jackson/datatype/jackson-datatype-jsr310/2.12.3/jackson-datatype-jsr310-2.12.3.jar:/home/carnegie/.m2/repository/com/fasterxml/jackson/module/jackson-module-parameter-names/2.12.3/jackson-module-parameter-names-2.12.3.jar:/home/carnegie/.m2/repository/org/springframework/boot/spring-boot-starter-tomcat/2.5.2/spring-boot-starter-tomcat-2.5.2.jar:/home/carnegie/.m2/repository/org/apache/tomcat/embed/tomcat-embed-core/9.0.48/tomcat-embed-core-9.0.48.jar:/home/carnegie/.m2/repository/org/apache/tomcat/embed/tomcat-embed-websocket/9.0.48/tomcat-embed-websocket-9.0.48.jar:/home/carnegie/.m2/repository/org/springframework/spring-web/5.3.8/spring-web-5.3.8.jar:/home/carnegie/.m2/repository/org/springframework/spring-webmvc/5.3.8/spring-webmvc-5.3.8.jar:/home/carnegie/.m2/repository/org/springframework/spring-expression/5.3.8/spring-expression-5.3.8.jar:/home/carnegie/.m2/repository/org/springframework/boot/spring-boot-devtools/2.5.2/spring-boot-devtools-2.5.2.jar:/home/carnegie/.m2/repository/org/springframework/boot/spring-boot/2.5.2/spring-boot-2.5.2.jar:/home/carnegie/.m2/repository/org/springframework/boot/spring-boot-autoconfigure/2.5.2/spring-boot-autoconfigure-2.5.2.jar:/home/carnegie/.m2/repository/org/springframework/boot/spring-boot-starter-validation/2.5.2/spring-boot-starter-validation-2.5.2.jar:/home/carnegie/.m2/repository/org/apache/tomcat/embed/tomcat-embed-el/9.0.48/tomcat-embed-el-9.0.48.jar:/home/carnegie/.m2/repository/org/hibernate/validator/hibernate-validator/6.2.0.Final/hibernate-validator-6.2.0.Final.jar:/home/carnegie/.m2/repository/jakarta/validation/jakarta.validation-api/2.0.2/jakarta.validation-api-2.0.2.jar:/home/carnegie/.m2/repository/org/springframework/boot/spring-boot-starter-test/2.5.2/spring-boot-starter-test-2.5.2.jar:/home/carnegie/.m2/repository/org/springframework/boot/spring-boot-test/2.5.2/spring-boot-test-2.5.2.jar:/home/carnegie/.m2/repository/org/springframework/boot/spring-boot-test-autoconfigure/2.5.2/spring-boot-test-autoconfigure-2.5.2.jar:/home/carnegie/.m2/repository/com/jayway/jsonpath/json-path/2.5.0/json-path-2.5.0.jar:/home/carnegie/.m2/repository/net/minidev/json-smart/2.4.7/json-smart-2.4.7.jar:/home/carnegie/.m2/repository/net/minidev/accessors-smart/2.4.7/accessors-smart-2.4.7.jar:/home/carnegie/.m2/repository/org/ow2/asm/asm/9.1/asm-9.1.jar:/home/carnegie/.m2/repository/jakarta/xml/bind/jakarta.xml.bind-api/2.3.3/jakarta.xml.bind-api-2.3.3.jar:/home/carnegie/.m2/repository/jakarta/activation/jakarta.activation-api/1.2.2/jakarta.activation-api-1.2.2.jar:/home/carnegie/.m2/repository/org/assertj/assertj-core/3.19.0/assertj-core-3.19.0.jar:/home/carnegie/.m2/repository/org/hamcrest/hamcrest/2.2/hamcrest-2.2.jar:/home/carnegie/.m2/repository/org/junit/jupiter/junit-jupiter/5.7.2/junit-jupiter-5.7.2.jar:/home/carnegie/.m2/repository/org/junit/jupiter/junit-jupiter-api/5.7.2/junit-jupiter-api-5.7.2.jar:/home/carnegie/.m2/repository/org/apiguardian/apiguardian-api/1.1.0/apiguardian-api-1.1.0.jar:/home/carnegie/.m2/repository/org/opentest4j/opentest4j/1.2.0/opentest4j-1.2.0.jar:/home/carnegie/.m2/repository/org/junit/platform/junit-platform-commons/1.7.2/junit-platform-commons-1.7.2.jar:/home/carnegie/.m2/repository/org/junit/jupiter/junit-jupiter-params/5.7.2/junit-jupiter-params-5.7.2.jar:/home/carnegie/.m2/repository/org/junit/jupiter/junit-jupiter-engine/5.7.2/junit-jupiter-engine-5.7.2.jar:/home/carnegie/.m2/repository/org/junit/platform/junit-platform-engine/1.7.2/junit-platform-engine-1.7.2.jar:/home/carnegie/.m2/repository/org/mockito/mockito-core/3.9.0/mockito-core-3.9.0.jar:/home/carnegie/.m2/repository/net/bytebuddy/byte-buddy-agent/1.10.22/byte-buddy-agent-1.10.22.jar:/home/carnegie/.m2/repository/org/objenesis/objenesis/3.2/objenesis-3.2.jar:/home/carnegie/.m2/repository/org/mockito/mockito-junit-jupiter/3.9.0/mockito-junit-jupiter-3.9.0.jar:/home/carnegie/.m2/repository/org/skyscreamer/jsonassert/1.5.0/jsonassert-1.5.0.jar:/home/carnegie/.m2/repository/com/vaadin/external/google/android-json/0.0.20131108.vaadin1/android-json-0.0.20131108.vaadin1.jar:/home/carnegie/.m2/repository/org/springframework/spring-core/5.3.8/spring-core-5.3.8.jar:/home/carnegie/.m2/repository/org/springframework/spring-jcl/5.3.8/spring-jcl-5.3.8.jar:/home/carnegie/.m2/repository/org/springframework/spring-test/5.3.8/spring-test-5.3.8.jar:/home/carnegie/.m2/repository/org/xmlunit/xmlunit-core/2.8.2/xmlunit-core-2.8.2.jar:/home/carnegie/.m2/repository/org/springframework/boot/spring-boot-configuration-processor/2.5.2/spring-boot-configuration-processor-2.5.2.jar:/home/carnegie/.m2/repository/mysql/mysql-connector-java/8.0.25/mysql-connector-java-8.0.25.jar:/home/carnegie/.m2/repository/org/projectlombok/lombok/1.18.20/lombok-1.18.20.jar:/home/carnegie/.m2/repository/org/flywaydb/flyway-core/7.7.3/flyway-core-7.7.3.jar:/home/carnegie/.m2/repository/org/apache/commons/commons-lang3/3.12.0/commons-lang3-3.12.0.jar:/home/carnegie/.m2/repository/io/rest-assured/rest-assured/4.3.3/rest-assured-4.3.3.jar:/home/carnegie/.m2/repository/org/codehaus/groovy/groovy/3.0.8/groovy-3.0.8.jar:/home/carnegie/.m2/repository/org/codehaus/groovy/groovy-xml/3.0.8/groovy-xml-3.0.8.jar:/home/carnegie/.m2/repository/org/apache/httpcomponents/httpclient/4.5.13/httpclient-4.5.13.jar:/home/carnegie/.m2/repository/org/apache/httpcomponents/httpcore/4.4.14/httpcore-4.4.14.jar:/home/carnegie/.m2/repository/commons-codec/commons-codec/1.15/commons-codec-1.15.jar:/home/carnegie/.m2/repository/org/apache/httpcomponents/httpmime/4.5.13/httpmime-4.5.13.jar:/home/carnegie/.m2/repository/org/ccil/cowan/tagsoup/tagsoup/1.2.1/tagsoup-1.2.1.jar:/home/carnegie/.m2/repository/io/rest-assured/json-path/4.3.3/json-path-4.3.3.jar:/home/carnegie/.m2/repository/org/codehaus/groovy/groovy-json/3.0.8/groovy-json-3.0.8.jar:/home/carnegie/.m2/repository/io/rest-assured/rest-assured-common/4.3.3/rest-assured-common-4.3.3.jar:/home/carnegie/.m2/repository/io/rest-assured/xml-path/4.3.3/xml-path-4.3.3.jar:/home/carnegie/.m2/repository/com/sun/xml/bind/jaxb-impl/2.3.3/jaxb-impl-2.3.3.jar:"/>
    <property name="java.vm.vendor" value="Oracle Corporation"/>
    <property name="sun.arch.data.model" value="64"/>
    <property name="java.vendor.url" value="https://java.oracle.com/"/>
    <property name="user.country.format" value="BR"/>
    <property name="os.name" value="Linux"/>
    <property name="java.vm.specification.version" value="14"/>
    <property name="sun.java.launcher" value="SUN_STANDARD"/>
    <property name="user.country" value="US"/>
    <property name="sun.boot.library.path" value="/usr/lib/jvm/jdk-14.0.1/lib"/>
    <property name="sun.java.command" value="/home/carnegie/projects/workspace/builder-cliente-api/target/surefire/surefirebooter7788156286087297640.jar /home/carnegie/projects/workspace/builder-cliente-api/target/surefire 2021-07-04T20-40-52_460-jvmRun1 surefire4226689845689978645tmp surefire_09893549922744703434tmp"/>
    <property name="jdk.debug" value="release"/>
    <property name="surefire.test.class.path" value="/home/carnegie/projects/workspace/builder-cliente-api/target/test-classes:/home/carnegie/projects/workspace/builder-cliente-api/target/classes:/home/carnegie/.m2/repository/org/springframework/boot/spring-boot-starter-data-jpa/2.5.2/spring-boot-starter-data-jpa-2.5.2.jar:/home/carnegie/.m2/repository/org/springframework/boot/spring-boot-starter-aop/2.5.2/spring-boot-starter-aop-2.5.2.jar:/home/carnegie/.m2/repository/org/springframework/spring-aop/5.3.8/spring-aop-5.3.8.jar:/home/carnegie/.m2/repository/org/aspectj/aspectjweaver/1.9.6/aspectjweaver-1.9.6.jar:/home/carnegie/.m2/repository/org/springframework/boot/spring-boot-starter-jdbc/2.5.2/spring-boot-starter-jdbc-2.5.2.jar:/home/carnegie/.m2/repository/com/zaxxer/HikariCP/4.0.3/HikariCP-4.0.3.jar:/home/carnegie/.m2/repository/org/springframework/spring-jdbc/5.3.8/spring-jdbc-5.3.8.jar:/home/carnegie/.m2/repository/jakarta/transaction/jakarta.transaction-api/1.3.3/jakarta.transaction-api-1.3.3.jar:/home/carnegie/.m2/repository/jakarta/persistence/jakarta.persistence-api/2.2.3/jakarta.persistence-api-2.2.3.jar:/home/carnegie/.m2/repository/org/hibernate/hibernate-core/5.4.32.Final/hibernate-core-5.4.32.Final.jar:/home/carnegie/.m2/repository/org/jboss/logging/jboss-logging/3.4.2.Final/jboss-logging-3.4.2.Final.jar:/home/carnegie/.m2/repository/org/javassist/javassist/3.27.0-GA/javassist-3.27.0-GA.jar:/home/carnegie/.m2/repository/net/bytebuddy/byte-buddy/1.10.22/byte-buddy-1.10.22.jar:/home/carnegie/.m2/repository/antlr/antlr/2.7.7/antlr-2.7.7.jar:/home/carnegie/.m2/repository/org/jboss/jandex/2.2.3.Final/jandex-2.2.3.Final.jar:/home/carnegie/.m2/repository/com/fasterxml/classmate/1.5.1/classmate-1.5.1.jar:/home/carnegie/.m2/repository/org/dom4j/dom4j/2.1.3/dom4j-2.1.3.jar:/home/carnegie/.m2/repository/org/hibernate/common/hibernate-commons-annotations/5.1.2.Final/hibernate-commons-annotations-5.1.2.Final.jar:/home/carnegie/.m2/repository/org/glassfish/jaxb/jaxb-runtime/2.3.4/jaxb-runtime-2.3.4.jar:/home/carnegie/.m2/repository/org/glassfish/jaxb/txw2/2.3.4/txw2-2.3.4.jar:/home/carnegie/.m2/repository/com/sun/istack/istack-commons-runtime/3.0.12/istack-commons-runtime-3.0.12.jar:/home/carnegie/.m2/repository/com/sun/activation/jakarta.activation/1.2.2/jakarta.activation-1.2.2.jar:/home/carnegie/.m2/repository/org/springframework/data/spring-data-jpa/2.5.2/spring-data-jpa-2.5.2.jar:/home/carnegie/.m2/repository/org/springframework/data/spring-data-commons/2.5.2/spring-data-commons-2.5.2.jar:/home/carnegie/.m2/repository/org/springframework/spring-orm/5.3.8/spring-orm-5.3.8.jar:/home/carnegie/.m2/repository/org/springframework/spring-context/5.3.8/spring-context-5.3.8.jar:/home/carnegie/.m2/repository/org/springframework/spring-tx/5.3.8/spring-tx-5.3.8.jar:/home/carnegie/.m2/repository/org/springframework/spring-beans/5.3.8/spring-beans-5.3.8.jar:/home/carnegie/.m2/repository/org/slf4j/slf4j-api/1.7.31/slf4j-api-1.7.31.jar:/home/carnegie/.m2/repository/org/springframework/spring-aspects/5.3.8/spring-aspects-5.3.8.jar:/home/carnegie/.m2/repository/org/springframework/boot/spring-boot-starter-web/2.5.2/spring-boot-starter-web-2.5.2.jar:/home/carnegie/.m2/repository/org/springframework/boot/spring-boot-starter/2.5.2/spring-boot-starter-2.5.2.jar:/home/carnegie/.m2/repository/org/springframework/boot/spring-boot-starter-logging/2.5.2/spring-boot-starter-logging-2.5.2.jar:/home/carnegie/.m2/repository/ch/qos/logback/logback-classic/1.2.3/logback-classic-1.2.3.jar:/home/carnegie/.m2/repository/ch/qos/logback/logback-core/1.2.3/logback-core-1.2.3.jar:/home/carnegie/.m2/repository/org/apache/logging/log4j/log4j-to-slf4j/2.14.1/log4j-to-slf4j-2.14.1.jar:/home/carnegie/.m2/repository/org/apache/logging/log4j/log4j-api/2.14.1/log4j-api-2.14.1.jar:/home/carnegie/.m2/repository/org/slf4j/jul-to-slf4j/1.7.31/jul-to-slf4j-1.7.31.jar:/home/carnegie/.m2/repository/jakarta/annotation/jakarta.annotation-api/1.3.5/jakarta.annotation-api-1.3.5.jar:/home/carnegie/.m2/repository/org/yaml/snakeyaml/1.28/snakeyaml-1.28.jar:/home/carnegie/.m2/repository/org/springframework/boot/spring-boot-starter-json/2.5.2/spring-boot-starter-json-2.5.2.jar:/home/carnegie/.m2/repository/com/fasterxml/jackson/core/jackson-databind/2.12.3/jackson-databind-2.12.3.jar:/home/carnegie/.m2/repository/com/fasterxml/jackson/core/jackson-annotations/2.12.3/jackson-annotations-2.12.3.jar:/home/carnegie/.m2/repository/com/fasterxml/jackson/core/jackson-core/2.12.3/jackson-core-2.12.3.jar:/home/carnegie/.m2/repository/com/fasterxml/jackson/datatype/jackson-datatype-jdk8/2.12.3/jackson-datatype-jdk8-2.12.3.jar:/home/carnegie/.m2/repository/com/fasterxml/jackson/datatype/jackson-datatype-jsr310/2.12.3/jackson-datatype-jsr310-2.12.3.jar:/home/carnegie/.m2/repository/com/fasterxml/jackson/module/jackson-module-parameter-names/2.12.3/jackson-module-parameter-names-2.12.3.jar:/home/carnegie/.m2/repository/org/springframework/boot/spring-boot-starter-tomcat/2.5.2/spring-boot-starter-tomcat-2.5.2.jar:/home/carnegie/.m2/repository/org/apache/tomcat/embed/tomcat-embed-core/9.0.48/tomcat-embed-core-9.0.48.jar:/home/carnegie/.m2/repository/org/apache/tomcat/embed/tomcat-embed-websocket/9.0.48/tomcat-embed-websocket-9.0.48.jar:/home/carnegie/.m2/repository/org/springframework/spring-web/5.3.8/spring-web-5.3.8.jar:/home/carnegie/.m2/repository/org/springframework/spring-webmvc/5.3.8/spring-webmvc-5.3.8.jar:/home/carnegie/.m2/repository/org/springframework/spring-expression/5.3.8/spring-expression-5.3.8.jar:/home/carnegie/.m2/repository/org/springframework/boot/spring-boot-devtools/2.5.2/spring-boot-devtools-2.5.2.jar:/home/carnegie/.m2/repository/org/springframework/boot/spring-boot/2.5.2/spring-boot-2.5.2.jar:/home/carnegie/.m2/repository/org/springframework/boot/spring-boot-autoconfigure/2.5.2/spring-boot-autoconfigure-2.5.2.jar:/home/carnegie/.m2/repository/org/springframework/boot/spring-boot-starter-validation/2.5.2/spring-boot-starter-validation-2.5.2.jar:/home/carnegie/.m2/repository/org/apache/tomcat/embed/tomcat-embed-el/9.0.48/tomcat-embed-el-9.0.48.jar:/home/carnegie/.m2/repository/org/hibernate/validator/hibernate-validator/6.2.0.Final/hibernate-validator-6.2.0.Final.jar:/home/carnegie/.m2/repository/jakarta/validation/jakarta.validation-api/2.0.2/jakarta.validation-api-2.0.2.jar:/home/carnegie/.m2/repository/org/springframework/boot/spring-boot-starter-test/2.5.2/spring-boot-starter-test-2.5.2.jar:/home/carnegie/.m2/repository/org/springframework/boot/spring-boot-test/2.5.2/spring-boot-test-2.5.2.jar:/home/carnegie/.m2/repository/org/springframework/boot/spring-boot-test-autoconfigure/2.5.2/spring-boot-test-autoconfigure-2.5.2.jar:/home/carnegie/.m2/repository/com/jayway/jsonpath/json-path/2.5.0/json-path-2.5.0.jar:/home/carnegie/.m2/repository/net/minidev/json-smart/2.4.7/json-smart-2.4.7.jar:/home/carnegie/.m2/repository/net/minidev/accessors-smart/2.4.7/accessors-smart-2.4.7.jar:/home/carnegie/.m2/repository/org/ow2/asm/asm/9.1/asm-9.1.jar:/home/carnegie/.m2/repository/jakarta/xml/bind/jakarta.xml.bind-api/2.3.3/jakarta.xml.bind-api-2.3.3.jar:/home/carnegie/.m2/repository/jakarta/activation/jakarta.activation-api/1.2.2/jakarta.activation-api-1.2.2.jar:/home/carnegie/.m2/repository/org/assertj/assertj-core/3.19.0/assertj-core-3.19.0.jar:/home/carnegie/.m2/repository/org/hamcrest/hamcrest/2.2/hamcrest-2.2.jar:/home/carnegie/.m2/repository/org/junit/jupiter/junit-jupiter/5.7.2/junit-jupiter-5.7.2.jar:/home/carnegie/.m2/repository/org/junit/jupiter/junit-jupiter-api/5.7.2/junit-jupiter-api-5.7.2.jar:/home/carnegie/.m2/repository/org/apiguardian/apiguardian-api/1.1.0/apiguardian-api-1.1.0.jar:/home/carnegie/.m2/repository/org/opentest4j/opentest4j/1.2.0/opentest4j-1.2.0.jar:/home/carnegie/.m2/repository/org/junit/platform/junit-platform-commons/1.7.2/junit-platform-commons-1.7.2.jar:/home/carnegie/.m2/repository/org/junit/jupiter/junit-jupiter-params/5.7.2/junit-jupiter-params-5.7.2.jar:/home/carnegie/.m2/repository/org/junit/jupiter/junit-jupiter-engine/5.7.2/junit-jupiter-engine-5.7.2.jar:/home/carnegie/.m2/repository/org/junit/platform/junit-platform-engine/1.7.2/junit-platform-engine-1.7.2.jar:/home/carnegie/.m2/repository/org/mockito/mockito-core/3.9.0/mockito-core-3.9.0.jar:/home/carnegie/.m2/repository/net/bytebuddy/byte-buddy-agent/1.10.22/byte-buddy-agent-1.10.22.jar:/home/carnegie/.m2/repository/org/objenesis/objenesis/3.2/objenesis-3.2.jar:/home/carnegie/.m2/repository/org/mockito/mockito-junit-jupiter/3.9.0/mockito-junit-jupiter-3.9.0.jar:/home/carnegie/.m2/repository/org/skyscreamer/jsonassert/1.5.0/jsonassert-1.5.0.jar:/home/carnegie/.m2/repository/com/vaadin/external/google/android-json/0.0.20131108.vaadin1/android-json-0.0.20131108.vaadin1.jar:/home/carnegie/.m2/repository/org/springframework/spring-core/5.3.8/spring-core-5.3.8.jar:/home/carnegie/.m2/repository/org/springframework/spring-jcl/5.3.8/spring-jcl-5.3.8.jar:/home/carnegie/.m2/repository/org/springframework/spring-test/5.3.8/spring-test-5.3.8.jar:/home/carnegie/.m2/repository/org/xmlunit/xmlunit-core/2.8.2/xmlunit-core-2.8.2.jar:/home/carnegie/.m2/repository/org/springframework/boot/spring-boot-configuration-processor/2.5.2/spring-boot-configuration-processor-2.5.2.jar:/home/carnegie/.m2/repository/mysql/mysql-connector-java/8.0.25/mysql-connector-java-8.0.25.jar:/home/carnegie/.m2/repository/org/projectlombok/lombok/1.18.20/lombok-1.18.20.jar:/home/carnegie/.m2/repository/org/flywaydb/flyway-core/7.7.3/flyway-core-7.7.3.jar:/home/carnegie/.m2/repository/org/apache/commons/commons-lang3/3.12.0/commons-lang3-3.12.0.jar:/home/carnegie/.m2/repository/io/rest-assured/rest-assured/4.3.3/rest-assured-4.3.3.jar:/home/carnegie/.m2/repository/org/codehaus/groovy/groovy/3.0.8/groovy-3.0.8.jar:/home/carnegie/.m2/repository/org/codehaus/groovy/groovy-xml/3.0.8/groovy-xml-3.0.8.jar:/home/carnegie/.m2/repository/org/apache/httpcomponents/httpclient/4.5.13/httpclient-4.5.13.jar:/home/carnegie/.m2/repository/org/apache/httpcomponents/httpcore/4.4.14/httpcore-4.4.14.jar:/home/carnegie/.m2/repository/commons-codec/commons-codec/1.15/commons-codec-1.15.jar:/home/carnegie/.m2/repository/org/apache/httpcomponents/httpmime/4.5.13/httpmime-4.5.13.jar:/home/carnegie/.m2/repository/org/ccil/cowan/tagsoup/tagsoup/1.2.1/tagsoup-1.2.1.jar:/home/carnegie/.m2/repository/io/rest-assured/json-path/4.3.3/json-path-4.3.3.jar:/home/carnegie/.m2/repository/org/codehaus/groovy/groovy-json/3.0.8/groovy-json-3.0.8.jar:/home/carnegie/.m2/repository/io/rest-assured/rest-assured-common/4.3.3/rest-assured-common-4.3.3.jar:/home/carnegie/.m2/repository/io/rest-assured/xml-path/4.3.3/xml-path-4.3.3.jar:/home/carnegie/.m2/repository/com/sun/xml/bind/jaxb-impl/2.3.3/jaxb-impl-2.3.3.jar:"/>
    <property name="sun.cpu.endian" value="little"/>
    <property name="user.home" value="/home/carnegie"/>
    <property name="user.language" value="en"/>
    <property name="java.specification.vendor" value="Oracle Corporation"/>
    <property name="java.version.date" value="2020-04-14"/>
    <property name="java.home" value="/usr/lib/jvm/jdk-14.0.1"/>
    <property name="file.separator" value="/"/>
    <property name="style.color" value="always"/>
    <property name="basedir" value="/home/carnegie/projects/workspace/builder-cliente-api"/>
    <property name="java.vm.compressedOopsMode" value="Zero based"/>
    <property name="line.separator" value="&#10;"/>
    <property name="java.vm.specification.vendor" value="Oracle Corporation"/>
    <property name="java.specification.name" value="Java Platform API Specification"/>
    <property name="surefire.real.class.path" value="/home/carnegie/projects/workspace/builder-cliente-api/target/surefire/surefirebooter7788156286087297640.jar"/>
    <property name="sun.management.compiler" value="HotSpot 64-Bit Tiered Compilers"/>
    <property name="java.runtime.version" value="14.0.1+7"/>
    <property name="user.name" value="carnegie"/>
    <property name="path.separator" value=":"/>
    <property name="os.version" value="5.8.0-59-generic"/>
    <property name="java.runtime.name" value="Java(TM) SE Runtime Environment"/>
    <property name="file.encoding" value="UTF-8"/>
    <property name="java.vm.name" value="Java HotSpot(TM) 64-Bit Server VM"/>
    <property name="localRepository" value="/home/carnegie/.m2/repository"/>
    <property name="java.vendor.url.bug" value="https://bugreport.java.com/bugreport/"/>
    <property name="java.io.tmpdir" value="/tmp"/>
    <property name="java.version" value="14.0.1"/>
    <property name="user.dir" value="/home/carnegie/projects/workspace/builder-cliente-api"/>
    <property name="os.arch" value="amd64"/>
    <property name="java.vm.specification.name" value="Java Virtual Machine Specification"/>
    <property name="user.language.format" value="pt"/>
    <property name="java.library.path" value="/usr/java/packages/lib:/usr/lib64:/lib64:/lib:/usr/lib"/>
    <property name="java.vm.info" value="mixed mode, sharing"/>
    <property name="java.vendor" value="Oracle Corporation"/>
    <property name="java.vm.version" value="14.0.1+7"/>
    <property name="sun.io.unicode.encoding" value="UnicodeLittle"/>
    <property name="java.class.version" value="58.0"/>
  </properties>
  <testcase name="contextLoads" classname="com.cliente.BuilderClienteApiApplicationTests" time="0.001">
    <error message="Failed to load ApplicationContext" type="java.lang.IllegalStateException">java.lang.IllegalStateException: Failed to load ApplicationContext
Caused by: org.springframework.beans.factory.BeanCreationException: 
Error creating bean with name 'flywayInitializer' defined in class path resource [org/springframework/boot/autoconfigure/flyway/FlywayAutoConfiguration$FlywayConfiguration.class]: Invocation of init method failed; nested exception is org.flywaydb.core.internal.exception.FlywaySqlException: 
Unable to obtain connection from database: Communications link failure

The last packet sent successfully to the server was 0 milliseconds ago. The driver has not received any packets from the server.
--------------------------------------------------------------------------------------------------------------------------------------------------------------------------------------------------------
SQL State  : 08S01
Error Code : 0
Message    : Communications link failure

The last packet sent successfully to the server was 0 milliseconds ago. The driver has not received any packets from the server.

Caused by: org.flywaydb.core.internal.exception.FlywaySqlException: 

Unable to obtain connection from database: Communications link failure

The last packet sent successfully to the server was 0 milliseconds ago. The driver has not received any packets from the server.
--------------------------------------------------------------------------------------------------------------------------------------------------------------------------------------------------------
SQL State  : 08S01
Error Code : 0
Message    : Communications link failure

The last packet sent successfully to the server was 0 milliseconds ago. The driver has not received any packets from the server.

Caused by: com.mysql.cj.jdbc.exceptions.CommunicationsException: 
Communications link failure

The last packet sent successfully to the server was 0 milliseconds ago. The driver has not received any packets from the server.
Caused by: com.mysql.cj.exceptions.CJCommunicationsException: 
Communications link failure

The last packet sent successfully to the server was 0 milliseconds ago. The driver has not received any packets from the server.
Caused by: java.net.ConnectException: Connection refused
</error>
    <system-out><![CDATA[20:40:53.037 [main] DEBUG org.springframework.test.context.BootstrapUtils - Instantiating CacheAwareContextLoaderDelegate from class [org.springframework.test.context.cache.DefaultCacheAwareContextLoaderDelegate]
20:40:53.044 [main] DEBUG org.springframework.test.context.BootstrapUtils - Instantiating BootstrapContext using constructor [public org.springframework.test.context.support.DefaultBootstrapContext(java.lang.Class,org.springframework.test.context.CacheAwareContextLoaderDelegate)]
20:40:53.068 [main] DEBUG org.springframework.test.context.BootstrapUtils - Instantiating TestContextBootstrapper for test class [com.cliente.BuilderClienteApiApplicationTests] from class [org.springframework.boot.test.context.SpringBootTestContextBootstrapper]
20:40:53.075 [main] INFO org.springframework.boot.test.context.SpringBootTestContextBootstrapper - Neither @ContextConfiguration nor @ContextHierarchy found for test class [com.cliente.BuilderClienteApiApplicationTests], using SpringBootContextLoader
20:40:53.078 [main] DEBUG org.springframework.test.context.support.AbstractContextLoader - Did not detect default resource location for test class [com.cliente.BuilderClienteApiApplicationTests]: class path resource [com/cliente/BuilderClienteApiApplicationTests-context.xml] does not exist
20:40:53.078 [main] DEBUG org.springframework.test.context.support.AbstractContextLoader - Did not detect default resource location for test class [com.cliente.BuilderClienteApiApplicationTests]: class path resource [com/cliente/BuilderClienteApiApplicationTestsContext.groovy] does not exist
20:40:53.079 [main] INFO org.springframework.test.context.support.AbstractContextLoader - Could not detect default resource locations for test class [com.cliente.BuilderClienteApiApplicationTests]: no resource found for suffixes {-context.xml, Context.groovy}.
20:40:53.079 [main] INFO org.springframework.test.context.support.AnnotationConfigContextLoaderUtils - Could not detect default configuration classes for test class [com.cliente.BuilderClienteApiApplicationTests]: BuilderClienteApiApplicationTests does not declare any static, non-private, non-final, nested classes annotated with @Configuration.
20:40:53.115 [main] DEBUG org.springframework.test.context.support.ActiveProfilesUtils - Could not find an 'annotation declaring class' for annotation type [org.springframework.test.context.ActiveProfiles] and class [com.cliente.BuilderClienteApiApplicationTests]
20:40:53.163 [main] DEBUG org.springframework.context.annotation.ClassPathScanningCandidateComponentProvider - Identified candidate component class: file [/home/carnegie/projects/workspace/builder-cliente-api/target/classes/com/cliente/BuilderClienteApiApplication.class]
20:40:53.164 [main] INFO org.springframework.boot.test.context.SpringBootTestContextBootstrapper - Found @SpringBootConfiguration com.cliente.BuilderClienteApiApplication for test class com.cliente.BuilderClienteApiApplicationTests
20:40:53.226 [main] DEBUG org.springframework.boot.test.context.SpringBootTestContextBootstrapper - @TestExecutionListeners is not present for class [com.cliente.BuilderClienteApiApplicationTests]: using defaults.
20:40:53.227 [main] INFO org.springframework.boot.test.context.SpringBootTestContextBootstrapper - Loaded default TestExecutionListener class names from location [META-INF/spring.factories]: [org.springframework.boot.test.mock.mockito.MockitoTestExecutionListener, org.springframework.boot.test.mock.mockito.ResetMocksTestExecutionListener, org.springframework.boot.test.autoconfigure.restdocs.RestDocsTestExecutionListener, org.springframework.boot.test.autoconfigure.web.client.MockRestServiceServerResetTestExecutionListener, org.springframework.boot.test.autoconfigure.web.servlet.MockMvcPrintOnlyOnFailureTestExecutionListener, org.springframework.boot.test.autoconfigure.web.servlet.WebDriverTestExecutionListener, org.springframework.boot.test.autoconfigure.webservices.client.MockWebServiceServerTestExecutionListener, org.springframework.test.context.web.ServletTestExecutionListener, org.springframework.test.context.support.DirtiesContextBeforeModesTestExecutionListener, org.springframework.test.context.event.ApplicationEventsTestExecutionListener, org.springframework.test.context.support.DependencyInjectionTestExecutionListener, org.springframework.test.context.support.DirtiesContextTestExecutionListener, org.springframework.test.context.transaction.TransactionalTestExecutionListener, org.springframework.test.context.jdbc.SqlScriptsTestExecutionListener, org.springframework.test.context.event.EventPublishingTestExecutionListener]
20:40:53.237 [main] INFO org.springframework.boot.test.context.SpringBootTestContextBootstrapper - Using TestExecutionListeners: [org.springframework.test.context.web.ServletTestExecutionListener@6bf08014, org.springframework.test.context.support.DirtiesContextBeforeModesTestExecutionListener@5e3d57c7, org.springframework.test.context.event.ApplicationEventsTestExecutionListener@732d0d24, org.springframework.boot.test.mock.mockito.MockitoTestExecutionListener@1fb19a0, org.springframework.boot.test.autoconfigure.SpringBootDependencyInjectionTestExecutionListener@6ee4d9ab, org.springframework.test.context.support.DirtiesContextTestExecutionListener@5a5338df, org.springframework.test.context.transaction.TransactionalTestExecutionListener@418c5a9c, org.springframework.test.context.jdbc.SqlScriptsTestExecutionListener@18e36d14, org.springframework.test.context.event.EventPublishingTestExecutionListener@5082d622, org.springframework.boot.test.mock.mockito.ResetMocksTestExecutionListener@13d4992d, org.springframework.boot.test.autoconfigure.restdocs.RestDocsTestExecutionListener@302f7971, org.springframework.boot.test.autoconfigure.web.client.MockRestServiceServerResetTestExecutionListener@332729ad, org.springframework.boot.test.autoconfigure.web.servlet.MockMvcPrintOnlyOnFailureTestExecutionListener@75d2da2d, org.springframework.boot.test.autoconfigure.web.servlet.WebDriverTestExecutionListener@4278284b, org.springframework.boot.test.autoconfigure.webservices.client.MockWebServiceServerTestExecutionListener@9573584]
20:40:53.240 [main] DEBUG org.springframework.test.context.support.AbstractDirtiesContextTestExecutionListener - Before test class: context [DefaultTestContext@7b8b43c7 testClass = BuilderClienteApiApplicationTests, testInstance = [null], testMethod = [null], testException = [null], mergedContextConfiguration = [WebMergedContextConfiguration@7aaca91a testClass = BuilderClienteApiApplicationTests, locations = '{}', classes = '{class com.cliente.BuilderClienteApiApplication}', contextInitializerClasses = '[]', activeProfiles = '{}', propertySourceLocations = '{}', propertySourceProperties = '{org.springframework.boot.test.context.SpringBootTestContextBootstrapper=true}', contextCustomizers = set[org.springframework.boot.test.context.filter.ExcludeFilterContextCustomizer@524d6d96, org.springframework.boot.test.json.DuplicateJsonObjectContextCustomizerFactory$DuplicateJsonObjectContextCustomizer@4ef37659, org.springframework.boot.test.mock.mockito.MockitoContextCustomizer@0, org.springframework.boot.test.web.client.TestRestTemplateContextCustomizer@62e7f11d, org.springframework.boot.test.autoconfigure.actuate.metrics.MetricsExportContextCustomizerFactory$DisableMetricExportContextCustomizer@26275bef, org.springframework.boot.test.autoconfigure.properties.PropertyMappingContextCustomizer@0, org.springframework.boot.test.autoconfigure.web.servlet.WebDriverContextCustomizerFactory$Customizer@4e7912d8, org.springframework.boot.test.context.SpringBootTestArgs@1, org.springframework.boot.test.context.SpringBootTestWebEnvironment@26aa12dd], resourceBasePath = 'src/main/webapp', contextLoader = 'org.springframework.boot.test.context.SpringBootContextLoader', parent = [null]], attributes = map['org.springframework.test.context.web.ServletTestExecutionListener.activateListener' -> true]], class annotated with @DirtiesContext [false] with mode [null].
20:40:53.268 [main] DEBUG org.springframework.test.context.support.TestPropertySourceUtils - Adding inlined properties to environment: {spring.jmx.enabled=false, org.springframework.boot.test.context.SpringBootTestContextBootstrapper=true}

  .   ____          _            __ _ _
 /\\ / ___'_ __ _ _(_)_ __  __ _ \ \ \ \
( ( )\___ | '_ | '_| | '_ \/ _` | \ \ \ \
 \\/  ___)| |_)| | | | | || (_| |  ) ) ) )
  '  |____| .__|_| |_|_| |_\__, | / / / /
 =========|_|==============|___/=/_/_/_/
 :: Spring Boot ::                (v2.5.2)

2021-07-04 20:40:53.480  INFO 35127 --- [           main] c.c.BuilderClienteApiApplicationTests    : Starting BuilderClienteApiApplicationTests using Java 14.0.1 on LorDCooL with PID 35127 (started by carnegie in /home/carnegie/projects/workspace/builder-cliente-api)
2021-07-04 20:40:53.482  INFO 35127 --- [           main] c.c.BuilderClienteApiApplicationTests    : No active profile set, falling back to default profiles: default
2021-07-04 20:40:54.168  INFO 35127 --- [           main] .s.d.r.c.RepositoryConfigurationDelegate : Bootstrapping Spring Data JPA repositories in DEFAULT mode.
2021-07-04 20:40:54.199  INFO 35127 --- [           main] .s.d.r.c.RepositoryConfigurationDelegate : Finished Spring Data repository scanning in 26 ms. Found 1 JPA repository interfaces.
2021-07-04 20:40:54.642  INFO 35127 --- [           main] o.f.c.internal.license.VersionPrinter    : Flyway Community Edition 7.7.3 by Redgate
2021-07-04 20:40:54.650  INFO 35127 --- [           main] com.zaxxer.hikari.HikariDataSource       : HikariPool-1 - Starting...
2021-07-04 20:40:55.776 ERROR 35127 --- [           main] com.zaxxer.hikari.pool.HikariPool        : HikariPool-1 - Exception during pool initialization.

com.mysql.cj.jdbc.exceptions.CommunicationsException: Communications link failure

The last packet sent successfully to the server was 0 milliseconds ago. The driver has not received any packets from the server.
	at com.mysql.cj.jdbc.exceptions.SQLError.createCommunicationsException(SQLError.java:174) ~[mysql-connector-java-8.0.25.jar:8.0.25]
	at com.mysql.cj.jdbc.exceptions.SQLExceptionsMapping.translateException(SQLExceptionsMapping.java:64) ~[mysql-connector-java-8.0.25.jar:8.0.25]
	at com.mysql.cj.jdbc.ConnectionImpl.createNewIO(ConnectionImpl.java:833) ~[mysql-connector-java-8.0.25.jar:8.0.25]
	at com.mysql.cj.jdbc.ConnectionImpl.<init>(ConnectionImpl.java:453) ~[mysql-connector-java-8.0.25.jar:8.0.25]
	at com.mysql.cj.jdbc.ConnectionImpl.getInstance(ConnectionImpl.java:246) ~[mysql-connector-java-8.0.25.jar:8.0.25]
	at com.mysql.cj.jdbc.NonRegisteringDriver.connect(NonRegisteringDriver.java:198) ~[mysql-connector-java-8.0.25.jar:8.0.25]
	at com.zaxxer.hikari.util.DriverDataSource.getConnection(DriverDataSource.java:138) ~[HikariCP-4.0.3.jar:na]
	at com.zaxxer.hikari.pool.PoolBase.newConnection(PoolBase.java:364) ~[HikariCP-4.0.3.jar:na]
	at com.zaxxer.hikari.pool.PoolBase.newPoolEntry(PoolBase.java:206) ~[HikariCP-4.0.3.jar:na]
	at com.zaxxer.hikari.pool.HikariPool.createPoolEntry(HikariPool.java:476) ~[HikariCP-4.0.3.jar:na]
	at com.zaxxer.hikari.pool.HikariPool.checkFailFast(HikariPool.java:561) ~[HikariCP-4.0.3.jar:na]
	at com.zaxxer.hikari.pool.HikariPool.<init>(HikariPool.java:115) ~[HikariCP-4.0.3.jar:na]
	at com.zaxxer.hikari.HikariDataSource.getConnection(HikariDataSource.java:112) ~[HikariCP-4.0.3.jar:na]
	at org.flywaydb.core.internal.jdbc.JdbcUtils.openConnection(JdbcUtils.java:54) ~[flyway-core-7.7.3.jar:na]
	at org.flywaydb.core.internal.jdbc.JdbcConnectionFactory.<init>(JdbcConnectionFactory.java:69) ~[flyway-core-7.7.3.jar:na]
	at org.flywaydb.core.Flyway.execute(Flyway.java:508) ~[flyway-core-7.7.3.jar:na]
	at org.flywaydb.core.Flyway.migrate(Flyway.java:165) ~[flyway-core-7.7.3.jar:na]
	at org.springframework.boot.autoconfigure.flyway.FlywayMigrationInitializer.afterPropertiesSet(FlywayMigrationInitializer.java:66) ~[spring-boot-autoconfigure-2.5.2.jar:2.5.2]
	at org.springframework.beans.factory.support.AbstractAutowireCapableBeanFactory.invokeInitMethods(AbstractAutowireCapableBeanFactory.java:1845) ~[spring-beans-5.3.8.jar:5.3.8]
	at org.springframework.beans.factory.support.AbstractAutowireCapableBeanFactory.initializeBean(AbstractAutowireCapableBeanFactory.java:1782) ~[spring-beans-5.3.8.jar:5.3.8]
	at org.springframework.beans.factory.support.AbstractAutowireCapableBeanFactory.doCreateBean(AbstractAutowireCapableBeanFactory.java:602) ~[spring-beans-5.3.8.jar:5.3.8]
	at org.springframework.beans.factory.support.AbstractAutowireCapableBeanFactory.createBean(AbstractAutowireCapableBeanFactory.java:524) ~[spring-beans-5.3.8.jar:5.3.8]
	at org.springframework.beans.factory.support.AbstractBeanFactory.lambda$doGetBean$0(AbstractBeanFactory.java:335) ~[spring-beans-5.3.8.jar:5.3.8]
	at org.springframework.beans.factory.support.DefaultSingletonBeanRegistry.getSingleton(DefaultSingletonBeanRegistry.java:234) ~[spring-beans-5.3.8.jar:5.3.8]
	at org.springframework.beans.factory.support.AbstractBeanFactory.doGetBean(AbstractBeanFactory.java:333) ~[spring-beans-5.3.8.jar:5.3.8]
	at org.springframework.beans.factory.support.AbstractBeanFactory.getBean(AbstractBeanFactory.java:208) ~[spring-beans-5.3.8.jar:5.3.8]
	at org.springframework.beans.factory.support.AbstractBeanFactory.doGetBean(AbstractBeanFactory.java:322) ~[spring-beans-5.3.8.jar:5.3.8]
	at org.springframework.beans.factory.support.AbstractBeanFactory.getBean(AbstractBeanFactory.java:208) ~[spring-beans-5.3.8.jar:5.3.8]
	at org.springframework.context.support.AbstractApplicationContext.getBean(AbstractApplicationContext.java:1154) ~[spring-context-5.3.8.jar:5.3.8]
	at org.springframework.context.support.AbstractApplicationContext.finishBeanFactoryInitialization(AbstractApplicationContext.java:908) ~[spring-context-5.3.8.jar:5.3.8]
	at org.springframework.context.support.AbstractApplicationContext.refresh(AbstractApplicationContext.java:583) ~[spring-context-5.3.8.jar:5.3.8]
	at org.springframework.boot.SpringApplication.refresh(SpringApplication.java:754) ~[spring-boot-2.5.2.jar:2.5.2]
	at org.springframework.boot.SpringApplication.refreshContext(SpringApplication.java:434) ~[spring-boot-2.5.2.jar:2.5.2]
	at org.springframework.boot.SpringApplication.run(SpringApplication.java:338) ~[spring-boot-2.5.2.jar:2.5.2]
	at org.springframework.boot.test.context.SpringBootContextLoader.loadContext(SpringBootContextLoader.java:123) ~[spring-boot-test-2.5.2.jar:2.5.2]
	at org.springframework.test.context.cache.DefaultCacheAwareContextLoaderDelegate.loadContextInternal(DefaultCacheAwareContextLoaderDelegate.java:99) ~[spring-test-5.3.8.jar:5.3.8]
	at org.springframework.test.context.cache.DefaultCacheAwareContextLoaderDelegate.loadContext(DefaultCacheAwareContextLoaderDelegate.java:124) ~[spring-test-5.3.8.jar:5.3.8]
	at org.springframework.test.context.support.DefaultTestContext.getApplicationContext(DefaultTestContext.java:124) ~[spring-test-5.3.8.jar:5.3.8]
	at org.springframework.test.context.web.ServletTestExecutionListener.setUpRequestContextIfNecessary(ServletTestExecutionListener.java:190) ~[spring-test-5.3.8.jar:5.3.8]
	at org.springframework.test.context.web.ServletTestExecutionListener.prepareTestInstance(ServletTestExecutionListener.java:132) ~[spring-test-5.3.8.jar:5.3.8]
	at org.springframework.test.context.TestContextManager.prepareTestInstance(TestContextManager.java:244) ~[spring-test-5.3.8.jar:5.3.8]
	at org.springframework.test.context.junit.jupiter.SpringExtension.postProcessTestInstance(SpringExtension.java:138) ~[spring-test-5.3.8.jar:5.3.8]
	at org.junit.jupiter.engine.descriptor.ClassBasedTestDescriptor.lambda$invokeTestInstancePostProcessors$6(ClassBasedTestDescriptor.java:350) ~[junit-jupiter-engine-5.7.2.jar:5.7.2]
	at org.junit.jupiter.engine.descriptor.ClassBasedTestDescriptor.executeAndMaskThrowable(ClassBasedTestDescriptor.java:355) ~[junit-jupiter-engine-5.7.2.jar:5.7.2]
	at org.junit.jupiter.engine.descriptor.ClassBasedTestDescriptor.lambda$invokeTestInstancePostProcessors$7(ClassBasedTestDescriptor.java:350) ~[junit-jupiter-engine-5.7.2.jar:5.7.2]
	at java.base/java.util.stream.ReferencePipeline$3$1.accept(ReferencePipeline.java:195) ~[na:na]
	at java.base/java.util.stream.ReferencePipeline$2$1.accept(ReferencePipeline.java:177) ~[na:na]
	at java.base/java.util.ArrayList$ArrayListSpliterator.forEachRemaining(ArrayList.java:1624) ~[na:na]
	at java.base/java.util.stream.AbstractPipeline.copyInto(AbstractPipeline.java:484) ~[na:na]
	at java.base/java.util.stream.AbstractPipeline.wrapAndCopyInto(AbstractPipeline.java:474) ~[na:na]
	at java.base/java.util.stream.StreamSpliterators$WrappingSpliterator.forEachRemaining(StreamSpliterators.java:312) ~[na:na]
	at java.base/java.util.stream.Streams$ConcatSpliterator.forEachRemaining(Streams.java:735) ~[na:na]
	at java.base/java.util.stream.Streams$ConcatSpliterator.forEachRemaining(Streams.java:734) ~[na:na]
	at java.base/java.util.stream.ReferencePipeline$Head.forEach(ReferencePipeline.java:658) ~[na:na]
	at org.junit.jupiter.engine.descriptor.ClassBasedTestDescriptor.invokeTestInstancePostProcessors(ClassBasedTestDescriptor.java:349) ~[junit-jupiter-engine-5.7.2.jar:5.7.2]
	at org.junit.jupiter.engine.descriptor.ClassBasedTestDescriptor.lambda$instantiateAndPostProcessTestInstance$4(ClassBasedTestDescriptor.java:270) ~[junit-jupiter-engine-5.7.2.jar:5.7.2]
	at org.junit.platform.engine.support.hierarchical.ThrowableCollector.execute(ThrowableCollector.java:73) ~[junit-platform-engine-1.7.2.jar:1.7.2]
	at org.junit.jupiter.engine.descriptor.ClassBasedTestDescriptor.instantiateAndPostProcessTestInstance(ClassBasedTestDescriptor.java:269) ~[junit-jupiter-engine-5.7.2.jar:5.7.2]
	at org.junit.jupiter.engine.descriptor.ClassBasedTestDescriptor.lambda$testInstancesProvider$2(ClassBasedTestDescriptor.java:259) ~[junit-jupiter-engine-5.7.2.jar:5.7.2]
	at java.base/java.util.Optional.orElseGet(Optional.java:362) ~[na:na]
	at org.junit.jupiter.engine.descriptor.ClassBasedTestDescriptor.lambda$testInstancesProvider$3(ClassBasedTestDescriptor.java:258) ~[junit-jupiter-engine-5.7.2.jar:5.7.2]
	at org.junit.jupiter.engine.execution.TestInstancesProvider.getTestInstances(TestInstancesProvider.java:31) ~[junit-jupiter-engine-5.7.2.jar:5.7.2]
	at org.junit.jupiter.engine.descriptor.TestMethodTestDescriptor.lambda$prepare$0(TestMethodTestDescriptor.java:101) ~[junit-jupiter-engine-5.7.2.jar:5.7.2]
	at org.junit.platform.engine.support.hierarchical.ThrowableCollector.execute(ThrowableCollector.java:73) ~[junit-platform-engine-1.7.2.jar:1.7.2]
	at org.junit.jupiter.engine.descriptor.TestMethodTestDescriptor.prepare(TestMethodTestDescriptor.java:100) ~[junit-jupiter-engine-5.7.2.jar:5.7.2]
	at org.junit.jupiter.engine.descriptor.TestMethodTestDescriptor.prepare(TestMethodTestDescriptor.java:65) ~[junit-jupiter-engine-5.7.2.jar:5.7.2]
	at org.junit.platform.engine.support.hierarchical.NodeTestTask.lambda$prepare$1(NodeTestTask.java:111) ~[junit-platform-engine-1.7.2.jar:1.7.2]
	at org.junit.platform.engine.support.hierarchical.ThrowableCollector.execute(ThrowableCollector.java:73) ~[junit-platform-engine-1.7.2.jar:1.7.2]
	at org.junit.platform.engine.support.hierarchical.NodeTestTask.prepare(NodeTestTask.java:111) ~[junit-platform-engine-1.7.2.jar:1.7.2]
	at org.junit.platform.engine.support.hierarchical.NodeTestTask.execute(NodeTestTask.java:79) ~[junit-platform-engine-1.7.2.jar:1.7.2]
	at java.base/java.util.ArrayList.forEach(ArrayList.java:1510) ~[na:na]
	at org.junit.platform.engine.support.hierarchical.SameThreadHierarchicalTestExecutorService.invokeAll(SameThreadHierarchicalTestExecutorService.java:38) ~[junit-platform-engine-1.7.2.jar:1.7.2]
	at org.junit.platform.engine.support.hierarchical.NodeTestTask.lambda$executeRecursively$5(NodeTestTask.java:143) ~[junit-platform-engine-1.7.2.jar:1.7.2]
	at org.junit.platform.engine.support.hierarchical.ThrowableCollector.execute(ThrowableCollector.java:73) ~[junit-platform-engine-1.7.2.jar:1.7.2]
	at org.junit.platform.engine.support.hierarchical.NodeTestTask.lambda$executeRecursively$7(NodeTestTask.java:129) ~[junit-platform-engine-1.7.2.jar:1.7.2]
	at org.junit.platform.engine.support.hierarchical.Node.around(Node.java:137) ~[junit-platform-engine-1.7.2.jar:1.7.2]
	at org.junit.platform.engine.support.hierarchical.NodeTestTask.lambda$executeRecursively$8(NodeTestTask.java:127) ~[junit-platform-engine-1.7.2.jar:1.7.2]
	at org.junit.platform.engine.support.hierarchical.ThrowableCollector.execute(ThrowableCollector.java:73) ~[junit-platform-engine-1.7.2.jar:1.7.2]
	at org.junit.platform.engine.support.hierarchical.NodeTestTask.executeRecursively(NodeTestTask.java:126) ~[junit-platform-engine-1.7.2.jar:1.7.2]
	at org.junit.platform.engine.support.hierarchical.NodeTestTask.execute(NodeTestTask.java:84) ~[junit-platform-engine-1.7.2.jar:1.7.2]
	at java.base/java.util.ArrayList.forEach(ArrayList.java:1510) ~[na:na]
	at org.junit.platform.engine.support.hierarchical.SameThreadHierarchicalTestExecutorService.invokeAll(SameThreadHierarchicalTestExecutorService.java:38) ~[junit-platform-engine-1.7.2.jar:1.7.2]
	at org.junit.platform.engine.support.hierarchical.NodeTestTask.lambda$executeRecursively$5(NodeTestTask.java:143) ~[junit-platform-engine-1.7.2.jar:1.7.2]
	at org.junit.platform.engine.support.hierarchical.ThrowableCollector.execute(ThrowableCollector.java:73) ~[junit-platform-engine-1.7.2.jar:1.7.2]
	at org.junit.platform.engine.support.hierarchical.NodeTestTask.lambda$executeRecursively$7(NodeTestTask.java:129) ~[junit-platform-engine-1.7.2.jar:1.7.2]
	at org.junit.platform.engine.support.hierarchical.Node.around(Node.java:137) ~[junit-platform-engine-1.7.2.jar:1.7.2]
	at org.junit.platform.engine.support.hierarchical.NodeTestTask.lambda$executeRecursively$8(NodeTestTask.java:127) ~[junit-platform-engine-1.7.2.jar:1.7.2]
	at org.junit.platform.engine.support.hierarchical.ThrowableCollector.execute(ThrowableCollector.java:73) ~[junit-platform-engine-1.7.2.jar:1.7.2]
	at org.junit.platform.engine.support.hierarchical.NodeTestTask.executeRecursively(NodeTestTask.java:126) ~[junit-platform-engine-1.7.2.jar:1.7.2]
	at org.junit.platform.engine.support.hierarchical.NodeTestTask.execute(NodeTestTask.java:84) ~[junit-platform-engine-1.7.2.jar:1.7.2]
	at org.junit.platform.engine.support.hierarchical.SameThreadHierarchicalTestExecutorService.submit(SameThreadHierarchicalTestExecutorService.java:32) ~[junit-platform-engine-1.7.2.jar:1.7.2]
	at org.junit.platform.engine.support.hierarchical.HierarchicalTestExecutor.execute(HierarchicalTestExecutor.java:57) ~[junit-platform-engine-1.7.2.jar:1.7.2]
	at org.junit.platform.engine.support.hierarchical.HierarchicalTestEngine.execute(HierarchicalTestEngine.java:51) ~[junit-platform-engine-1.7.2.jar:1.7.2]
	at org.junit.platform.launcher.core.DefaultLauncher.execute(DefaultLauncher.java:220) ~[junit-platform-launcher-1.3.1.jar:1.3.1]
	at org.junit.platform.launcher.core.DefaultLauncher.lambda$execute$6(DefaultLauncher.java:188) ~[junit-platform-launcher-1.3.1.jar:1.3.1]
	at org.junit.platform.launcher.core.DefaultLauncher.withInterceptedStreams(DefaultLauncher.java:202) ~[junit-platform-launcher-1.3.1.jar:1.3.1]
	at org.junit.platform.launcher.core.DefaultLauncher.execute(DefaultLauncher.java:181) ~[junit-platform-launcher-1.3.1.jar:1.3.1]
	at org.junit.platform.launcher.core.DefaultLauncher.execute(DefaultLauncher.java:128) ~[junit-platform-launcher-1.3.1.jar:1.3.1]
	at org.apache.maven.surefire.junitplatform.JUnitPlatformProvider.invokeAllTests(JUnitPlatformProvider.java:150) ~[surefire-junit-platform-2.22.2.jar:2.22.2]
	at org.apache.maven.surefire.junitplatform.JUnitPlatformProvider.invoke(JUnitPlatformProvider.java:124) ~[surefire-junit-platform-2.22.2.jar:2.22.2]
	at org.apache.maven.surefire.booter.ForkedBooter.invokeProviderInSameClassLoader(ForkedBooter.java:384) ~[surefire-booter-2.22.2.jar:2.22.2]
	at org.apache.maven.surefire.booter.ForkedBooter.runSuitesInProcess(ForkedBooter.java:345) ~[surefire-booter-2.22.2.jar:2.22.2]
	at org.apache.maven.surefire.booter.ForkedBooter.execute(ForkedBooter.java:126) ~[surefire-booter-2.22.2.jar:2.22.2]
	at org.apache.maven.surefire.booter.ForkedBooter.main(ForkedBooter.java:418) ~[surefire-booter-2.22.2.jar:2.22.2]
Caused by: com.mysql.cj.exceptions.CJCommunicationsException: Communications link failure

The last packet sent successfully to the server was 0 milliseconds ago. The driver has not received any packets from the server.
	at java.base/jdk.internal.reflect.NativeConstructorAccessorImpl.newInstance0(Native Method) ~[na:na]
	at java.base/jdk.internal.reflect.NativeConstructorAccessorImpl.newInstance(NativeConstructorAccessorImpl.java:62) ~[na:na]
	at java.base/jdk.internal.reflect.DelegatingConstructorAccessorImpl.newInstance(DelegatingConstructorAccessorImpl.java:45) ~[na:na]
	at java.base/java.lang.reflect.Constructor.newInstanceWithCaller(Constructor.java:500) ~[na:na]
	at java.base/java.lang.reflect.Constructor.newInstance(Constructor.java:481) ~[na:na]
	at com.mysql.cj.exceptions.ExceptionFactory.createException(ExceptionFactory.java:61) ~[mysql-connector-java-8.0.25.jar:8.0.25]
	at com.mysql.cj.exceptions.ExceptionFactory.createException(ExceptionFactory.java:105) ~[mysql-connector-java-8.0.25.jar:8.0.25]
	at com.mysql.cj.exceptions.ExceptionFactory.createException(ExceptionFactory.java:151) ~[mysql-connector-java-8.0.25.jar:8.0.25]
	at com.mysql.cj.exceptions.ExceptionFactory.createCommunicationsException(ExceptionFactory.java:167) ~[mysql-connector-java-8.0.25.jar:8.0.25]
	at com.mysql.cj.protocol.a.NativeSocketConnection.connect(NativeSocketConnection.java:89) ~[mysql-connector-java-8.0.25.jar:8.0.25]
	at com.mysql.cj.NativeSession.connect(NativeSession.java:144) ~[mysql-connector-java-8.0.25.jar:8.0.25]
	at com.mysql.cj.jdbc.ConnectionImpl.connectOneTryOnly(ConnectionImpl.java:953) ~[mysql-connector-java-8.0.25.jar:8.0.25]
	at com.mysql.cj.jdbc.ConnectionImpl.createNewIO(ConnectionImpl.java:823) ~[mysql-connector-java-8.0.25.jar:8.0.25]
	... 101 common frames omitted
Caused by: java.net.ConnectException: Connection refused
	at java.base/sun.nio.ch.Net.pollConnect(Native Method) ~[na:na]
	at java.base/sun.nio.ch.Net.pollConnectNow(Net.java:589) ~[na:na]
	at java.base/sun.nio.ch.NioSocketImpl.timedFinishConnect(NioSocketImpl.java:542) ~[na:na]
	at java.base/sun.nio.ch.NioSocketImpl.connect(NioSocketImpl.java:597) ~[na:na]
	at java.base/java.net.SocksSocketImpl.connect(SocksSocketImpl.java:333) ~[na:na]
	at java.base/java.net.Socket.connect(Socket.java:648) ~[na:na]
	at com.mysql.cj.protocol.StandardSocketFactory.connect(StandardSocketFactory.java:155) ~[mysql-connector-java-8.0.25.jar:8.0.25]
	at com.mysql.cj.protocol.a.NativeSocketConnection.connect(NativeSocketConnection.java:63) ~[mysql-connector-java-8.0.25.jar:8.0.25]
	... 104 common frames omitted

2021-07-04 20:40:55.780  WARN 35127 --- [           main] o.s.w.c.s.GenericWebApplicationContext   : Exception encountered during context initialization - cancelling refresh attempt: org.springframework.beans.factory.BeanCreationException: Error creating bean with name 'flywayInitializer' defined in class path resource [org/springframework/boot/autoconfigure/flyway/FlywayAutoConfiguration$FlywayConfiguration.class]: Invocation of init method failed; nested exception is org.flywaydb.core.internal.exception.FlywaySqlException: 
Unable to obtain connection from database: Communications link failure

The last packet sent successfully to the server was 0 milliseconds ago. The driver has not received any packets from the server.
--------------------------------------------------------------------------------------------------------------------------------------------------------------------------------------------------------
SQL State  : 08S01
Error Code : 0
Message    : Communications link failure

The last packet sent successfully to the server was 0 milliseconds ago. The driver has not received any packets from the server.

2021-07-04 20:40:55.788  INFO 35127 --- [           main] ConditionEvaluationReportLoggingListener : 

Error starting ApplicationContext. To display the conditions report re-run your application with 'debug' enabled.
2021-07-04 20:40:55.801 ERROR 35127 --- [           main] o.s.boot.SpringApplication               : Application run failed

org.springframework.beans.factory.BeanCreationException: Error creating bean with name 'flywayInitializer' defined in class path resource [org/springframework/boot/autoconfigure/flyway/FlywayAutoConfiguration$FlywayConfiguration.class]: Invocation of init method failed; nested exception is org.flywaydb.core.internal.exception.FlywaySqlException: 
Unable to obtain connection from database: Communications link failure

The last packet sent successfully to the server was 0 milliseconds ago. The driver has not received any packets from the server.
--------------------------------------------------------------------------------------------------------------------------------------------------------------------------------------------------------
SQL State  : 08S01
Error Code : 0
Message    : Communications link failure

The last packet sent successfully to the server was 0 milliseconds ago. The driver has not received any packets from the server.

	at org.springframework.beans.factory.support.AbstractAutowireCapableBeanFactory.initializeBean(AbstractAutowireCapableBeanFactory.java:1786) ~[spring-beans-5.3.8.jar:5.3.8]
	at org.springframework.beans.factory.support.AbstractAutowireCapableBeanFactory.doCreateBean(AbstractAutowireCapableBeanFactory.java:602) ~[spring-beans-5.3.8.jar:5.3.8]
	at org.springframework.beans.factory.support.AbstractAutowireCapableBeanFactory.createBean(AbstractAutowireCapableBeanFactory.java:524) ~[spring-beans-5.3.8.jar:5.3.8]
	at org.springframework.beans.factory.support.AbstractBeanFactory.lambda$doGetBean$0(AbstractBeanFactory.java:335) ~[spring-beans-5.3.8.jar:5.3.8]
	at org.springframework.beans.factory.support.DefaultSingletonBeanRegistry.getSingleton(DefaultSingletonBeanRegistry.java:234) ~[spring-beans-5.3.8.jar:5.3.8]
	at org.springframework.beans.factory.support.AbstractBeanFactory.doGetBean(AbstractBeanFactory.java:333) ~[spring-beans-5.3.8.jar:5.3.8]
	at org.springframework.beans.factory.support.AbstractBeanFactory.getBean(AbstractBeanFactory.java:208) ~[spring-beans-5.3.8.jar:5.3.8]
	at org.springframework.beans.factory.support.AbstractBeanFactory.doGetBean(AbstractBeanFactory.java:322) ~[spring-beans-5.3.8.jar:5.3.8]
	at org.springframework.beans.factory.support.AbstractBeanFactory.getBean(AbstractBeanFactory.java:208) ~[spring-beans-5.3.8.jar:5.3.8]
	at org.springframework.context.support.AbstractApplicationContext.getBean(AbstractApplicationContext.java:1154) ~[spring-context-5.3.8.jar:5.3.8]
	at org.springframework.context.support.AbstractApplicationContext.finishBeanFactoryInitialization(AbstractApplicationContext.java:908) ~[spring-context-5.3.8.jar:5.3.8]
	at org.springframework.context.support.AbstractApplicationContext.refresh(AbstractApplicationContext.java:583) ~[spring-context-5.3.8.jar:5.3.8]
	at org.springframework.boot.SpringApplication.refresh(SpringApplication.java:754) ~[spring-boot-2.5.2.jar:2.5.2]
	at org.springframework.boot.SpringApplication.refreshContext(SpringApplication.java:434) ~[spring-boot-2.5.2.jar:2.5.2]
	at org.springframework.boot.SpringApplication.run(SpringApplication.java:338) ~[spring-boot-2.5.2.jar:2.5.2]
	at org.springframework.boot.test.context.SpringBootContextLoader.loadContext(SpringBootContextLoader.java:123) ~[spring-boot-test-2.5.2.jar:2.5.2]
	at org.springframework.test.context.cache.DefaultCacheAwareContextLoaderDelegate.loadContextInternal(DefaultCacheAwareContextLoaderDelegate.java:99) ~[spring-test-5.3.8.jar:5.3.8]
	at org.springframework.test.context.cache.DefaultCacheAwareContextLoaderDelegate.loadContext(DefaultCacheAwareContextLoaderDelegate.java:124) ~[spring-test-5.3.8.jar:5.3.8]
	at org.springframework.test.context.support.DefaultTestContext.getApplicationContext(DefaultTestContext.java:124) ~[spring-test-5.3.8.jar:5.3.8]
	at org.springframework.test.context.web.ServletTestExecutionListener.setUpRequestContextIfNecessary(ServletTestExecutionListener.java:190) ~[spring-test-5.3.8.jar:5.3.8]
	at org.springframework.test.context.web.ServletTestExecutionListener.prepareTestInstance(ServletTestExecutionListener.java:132) ~[spring-test-5.3.8.jar:5.3.8]
	at org.springframework.test.context.TestContextManager.prepareTestInstance(TestContextManager.java:244) ~[spring-test-5.3.8.jar:5.3.8]
	at org.springframework.test.context.junit.jupiter.SpringExtension.postProcessTestInstance(SpringExtension.java:138) ~[spring-test-5.3.8.jar:5.3.8]
	at org.junit.jupiter.engine.descriptor.ClassBasedTestDescriptor.lambda$invokeTestInstancePostProcessors$6(ClassBasedTestDescriptor.java:350) ~[junit-jupiter-engine-5.7.2.jar:5.7.2]
	at org.junit.jupiter.engine.descriptor.ClassBasedTestDescriptor.executeAndMaskThrowable(ClassBasedTestDescriptor.java:355) ~[junit-jupiter-engine-5.7.2.jar:5.7.2]
	at org.junit.jupiter.engine.descriptor.ClassBasedTestDescriptor.lambda$invokeTestInstancePostProcessors$7(ClassBasedTestDescriptor.java:350) ~[junit-jupiter-engine-5.7.2.jar:5.7.2]
	at java.base/java.util.stream.ReferencePipeline$3$1.accept(ReferencePipeline.java:195) ~[na:na]
	at java.base/java.util.stream.ReferencePipeline$2$1.accept(ReferencePipeline.java:177) ~[na:na]
	at java.base/java.util.ArrayList$ArrayListSpliterator.forEachRemaining(ArrayList.java:1624) ~[na:na]
	at java.base/java.util.stream.AbstractPipeline.copyInto(AbstractPipeline.java:484) ~[na:na]
	at java.base/java.util.stream.AbstractPipeline.wrapAndCopyInto(AbstractPipeline.java:474) ~[na:na]
	at java.base/java.util.stream.StreamSpliterators$WrappingSpliterator.forEachRemaining(StreamSpliterators.java:312) ~[na:na]
	at java.base/java.util.stream.Streams$ConcatSpliterator.forEachRemaining(Streams.java:735) ~[na:na]
	at java.base/java.util.stream.Streams$ConcatSpliterator.forEachRemaining(Streams.java:734) ~[na:na]
	at java.base/java.util.stream.ReferencePipeline$Head.forEach(ReferencePipeline.java:658) ~[na:na]
	at org.junit.jupiter.engine.descriptor.ClassBasedTestDescriptor.invokeTestInstancePostProcessors(ClassBasedTestDescriptor.java:349) ~[junit-jupiter-engine-5.7.2.jar:5.7.2]
	at org.junit.jupiter.engine.descriptor.ClassBasedTestDescriptor.lambda$instantiateAndPostProcessTestInstance$4(ClassBasedTestDescriptor.java:270) ~[junit-jupiter-engine-5.7.2.jar:5.7.2]
	at org.junit.platform.engine.support.hierarchical.ThrowableCollector.execute(ThrowableCollector.java:73) ~[junit-platform-engine-1.7.2.jar:1.7.2]
	at org.junit.jupiter.engine.descriptor.ClassBasedTestDescriptor.instantiateAndPostProcessTestInstance(ClassBasedTestDescriptor.java:269) ~[junit-jupiter-engine-5.7.2.jar:5.7.2]
	at org.junit.jupiter.engine.descriptor.ClassBasedTestDescriptor.lambda$testInstancesProvider$2(ClassBasedTestDescriptor.java:259) ~[junit-jupiter-engine-5.7.2.jar:5.7.2]
	at java.base/java.util.Optional.orElseGet(Optional.java:362) ~[na:na]
	at org.junit.jupiter.engine.descriptor.ClassBasedTestDescriptor.lambda$testInstancesProvider$3(ClassBasedTestDescriptor.java:258) ~[junit-jupiter-engine-5.7.2.jar:5.7.2]
	at org.junit.jupiter.engine.execution.TestInstancesProvider.getTestInstances(TestInstancesProvider.java:31) ~[junit-jupiter-engine-5.7.2.jar:5.7.2]
	at org.junit.jupiter.engine.descriptor.TestMethodTestDescriptor.lambda$prepare$0(TestMethodTestDescriptor.java:101) ~[junit-jupiter-engine-5.7.2.jar:5.7.2]
	at org.junit.platform.engine.support.hierarchical.ThrowableCollector.execute(ThrowableCollector.java:73) ~[junit-platform-engine-1.7.2.jar:1.7.2]
	at org.junit.jupiter.engine.descriptor.TestMethodTestDescriptor.prepare(TestMethodTestDescriptor.java:100) ~[junit-jupiter-engine-5.7.2.jar:5.7.2]
	at org.junit.jupiter.engine.descriptor.TestMethodTestDescriptor.prepare(TestMethodTestDescriptor.java:65) ~[junit-jupiter-engine-5.7.2.jar:5.7.2]
	at org.junit.platform.engine.support.hierarchical.NodeTestTask.lambda$prepare$1(NodeTestTask.java:111) ~[junit-platform-engine-1.7.2.jar:1.7.2]
	at org.junit.platform.engine.support.hierarchical.ThrowableCollector.execute(ThrowableCollector.java:73) ~[junit-platform-engine-1.7.2.jar:1.7.2]
	at org.junit.platform.engine.support.hierarchical.NodeTestTask.prepare(NodeTestTask.java:111) ~[junit-platform-engine-1.7.2.jar:1.7.2]
	at org.junit.platform.engine.support.hierarchical.NodeTestTask.execute(NodeTestTask.java:79) ~[junit-platform-engine-1.7.2.jar:1.7.2]
	at java.base/java.util.ArrayList.forEach(ArrayList.java:1510) ~[na:na]
	at org.junit.platform.engine.support.hierarchical.SameThreadHierarchicalTestExecutorService.invokeAll(SameThreadHierarchicalTestExecutorService.java:38) ~[junit-platform-engine-1.7.2.jar:1.7.2]
	at org.junit.platform.engine.support.hierarchical.NodeTestTask.lambda$executeRecursively$5(NodeTestTask.java:143) ~[junit-platform-engine-1.7.2.jar:1.7.2]
	at org.junit.platform.engine.support.hierarchical.ThrowableCollector.execute(ThrowableCollector.java:73) ~[junit-platform-engine-1.7.2.jar:1.7.2]
	at org.junit.platform.engine.support.hierarchical.NodeTestTask.lambda$executeRecursively$7(NodeTestTask.java:129) ~[junit-platform-engine-1.7.2.jar:1.7.2]
	at org.junit.platform.engine.support.hierarchical.Node.around(Node.java:137) ~[junit-platform-engine-1.7.2.jar:1.7.2]
	at org.junit.platform.engine.support.hierarchical.NodeTestTask.lambda$executeRecursively$8(NodeTestTask.java:127) ~[junit-platform-engine-1.7.2.jar:1.7.2]
	at org.junit.platform.engine.support.hierarchical.ThrowableCollector.execute(ThrowableCollector.java:73) ~[junit-platform-engine-1.7.2.jar:1.7.2]
	at org.junit.platform.engine.support.hierarchical.NodeTestTask.executeRecursively(NodeTestTask.java:126) ~[junit-platform-engine-1.7.2.jar:1.7.2]
	at org.junit.platform.engine.support.hierarchical.NodeTestTask.execute(NodeTestTask.java:84) ~[junit-platform-engine-1.7.2.jar:1.7.2]
	at java.base/java.util.ArrayList.forEach(ArrayList.java:1510) ~[na:na]
	at org.junit.platform.engine.support.hierarchical.SameThreadHierarchicalTestExecutorService.invokeAll(SameThreadHierarchicalTestExecutorService.java:38) ~[junit-platform-engine-1.7.2.jar:1.7.2]
	at org.junit.platform.engine.support.hierarchical.NodeTestTask.lambda$executeRecursively$5(NodeTestTask.java:143) ~[junit-platform-engine-1.7.2.jar:1.7.2]
	at org.junit.platform.engine.support.hierarchical.ThrowableCollector.execute(ThrowableCollector.java:73) ~[junit-platform-engine-1.7.2.jar:1.7.2]
	at org.junit.platform.engine.support.hierarchical.NodeTestTask.lambda$executeRecursively$7(NodeTestTask.java:129) ~[junit-platform-engine-1.7.2.jar:1.7.2]
	at org.junit.platform.engine.support.hierarchical.Node.around(Node.java:137) ~[junit-platform-engine-1.7.2.jar:1.7.2]
	at org.junit.platform.engine.support.hierarchical.NodeTestTask.lambda$executeRecursively$8(NodeTestTask.java:127) ~[junit-platform-engine-1.7.2.jar:1.7.2]
	at org.junit.platform.engine.support.hierarchical.ThrowableCollector.execute(ThrowableCollector.java:73) ~[junit-platform-engine-1.7.2.jar:1.7.2]
	at org.junit.platform.engine.support.hierarchical.NodeTestTask.executeRecursively(NodeTestTask.java:126) ~[junit-platform-engine-1.7.2.jar:1.7.2]
	at org.junit.platform.engine.support.hierarchical.NodeTestTask.execute(NodeTestTask.java:84) ~[junit-platform-engine-1.7.2.jar:1.7.2]
	at org.junit.platform.engine.support.hierarchical.SameThreadHierarchicalTestExecutorService.submit(SameThreadHierarchicalTestExecutorService.java:32) ~[junit-platform-engine-1.7.2.jar:1.7.2]
	at org.junit.platform.engine.support.hierarchical.HierarchicalTestExecutor.execute(HierarchicalTestExecutor.java:57) ~[junit-platform-engine-1.7.2.jar:1.7.2]
	at org.junit.platform.engine.support.hierarchical.HierarchicalTestEngine.execute(HierarchicalTestEngine.java:51) ~[junit-platform-engine-1.7.2.jar:1.7.2]
	at org.junit.platform.launcher.core.DefaultLauncher.execute(DefaultLauncher.java:220) ~[junit-platform-launcher-1.3.1.jar:1.3.1]
	at org.junit.platform.launcher.core.DefaultLauncher.lambda$execute$6(DefaultLauncher.java:188) ~[junit-platform-launcher-1.3.1.jar:1.3.1]
	at org.junit.platform.launcher.core.DefaultLauncher.withInterceptedStreams(DefaultLauncher.java:202) ~[junit-platform-launcher-1.3.1.jar:1.3.1]
	at org.junit.platform.launcher.core.DefaultLauncher.execute(DefaultLauncher.java:181) ~[junit-platform-launcher-1.3.1.jar:1.3.1]
	at org.junit.platform.launcher.core.DefaultLauncher.execute(DefaultLauncher.java:128) ~[junit-platform-launcher-1.3.1.jar:1.3.1]
	at org.apache.maven.surefire.junitplatform.JUnitPlatformProvider.invokeAllTests(JUnitPlatformProvider.java:150) ~[surefire-junit-platform-2.22.2.jar:2.22.2]
	at org.apache.maven.surefire.junitplatform.JUnitPlatformProvider.invoke(JUnitPlatformProvider.java:124) ~[surefire-junit-platform-2.22.2.jar:2.22.2]
	at org.apache.maven.surefire.booter.ForkedBooter.invokeProviderInSameClassLoader(ForkedBooter.java:384) ~[surefire-booter-2.22.2.jar:2.22.2]
	at org.apache.maven.surefire.booter.ForkedBooter.runSuitesInProcess(ForkedBooter.java:345) ~[surefire-booter-2.22.2.jar:2.22.2]
	at org.apache.maven.surefire.booter.ForkedBooter.execute(ForkedBooter.java:126) ~[surefire-booter-2.22.2.jar:2.22.2]
	at org.apache.maven.surefire.booter.ForkedBooter.main(ForkedBooter.java:418) ~[surefire-booter-2.22.2.jar:2.22.2]
Caused by: org.flywaydb.core.internal.exception.FlywaySqlException: 
Unable to obtain connection from database: Communications link failure

The last packet sent successfully to the server was 0 milliseconds ago. The driver has not received any packets from the server.
--------------------------------------------------------------------------------------------------------------------------------------------------------------------------------------------------------
SQL State  : 08S01
Error Code : 0
Message    : Communications link failure

The last packet sent successfully to the server was 0 milliseconds ago. The driver has not received any packets from the server.

	at org.flywaydb.core.internal.jdbc.JdbcUtils.openConnection(JdbcUtils.java:68) ~[flyway-core-7.7.3.jar:na]
	at org.flywaydb.core.internal.jdbc.JdbcConnectionFactory.<init>(JdbcConnectionFactory.java:69) ~[flyway-core-7.7.3.jar:na]
	at org.flywaydb.core.Flyway.execute(Flyway.java:508) ~[flyway-core-7.7.3.jar:na]
	at org.flywaydb.core.Flyway.migrate(Flyway.java:165) ~[flyway-core-7.7.3.jar:na]
	at org.springframework.boot.autoconfigure.flyway.FlywayMigrationInitializer.afterPropertiesSet(FlywayMigrationInitializer.java:66) ~[spring-boot-autoconfigure-2.5.2.jar:2.5.2]
	at org.springframework.beans.factory.support.AbstractAutowireCapableBeanFactory.invokeInitMethods(AbstractAutowireCapableBeanFactory.java:1845) ~[spring-beans-5.3.8.jar:5.3.8]
	at org.springframework.beans.factory.support.AbstractAutowireCapableBeanFactory.initializeBean(AbstractAutowireCapableBeanFactory.java:1782) ~[spring-beans-5.3.8.jar:5.3.8]
	... 84 common frames omitted
Caused by: com.mysql.cj.jdbc.exceptions.CommunicationsException: Communications link failure

The last packet sent successfully to the server was 0 milliseconds ago. The driver has not received any packets from the server.
	at com.mysql.cj.jdbc.exceptions.SQLError.createCommunicationsException(SQLError.java:174) ~[mysql-connector-java-8.0.25.jar:8.0.25]
	at com.mysql.cj.jdbc.exceptions.SQLExceptionsMapping.translateException(SQLExceptionsMapping.java:64) ~[mysql-connector-java-8.0.25.jar:8.0.25]
	at com.mysql.cj.jdbc.ConnectionImpl.createNewIO(ConnectionImpl.java:833) ~[mysql-connector-java-8.0.25.jar:8.0.25]
	at com.mysql.cj.jdbc.ConnectionImpl.<init>(ConnectionImpl.java:453) ~[mysql-connector-java-8.0.25.jar:8.0.25]
	at com.mysql.cj.jdbc.ConnectionImpl.getInstance(ConnectionImpl.java:246) ~[mysql-connector-java-8.0.25.jar:8.0.25]
	at com.mysql.cj.jdbc.NonRegisteringDriver.connect(NonRegisteringDriver.java:198) ~[mysql-connector-java-8.0.25.jar:8.0.25]
	at com.zaxxer.hikari.util.DriverDataSource.getConnection(DriverDataSource.java:138) ~[HikariCP-4.0.3.jar:na]
	at com.zaxxer.hikari.pool.PoolBase.newConnection(PoolBase.java:364) ~[HikariCP-4.0.3.jar:na]
	at com.zaxxer.hikari.pool.PoolBase.newPoolEntry(PoolBase.java:206) ~[HikariCP-4.0.3.jar:na]
	at com.zaxxer.hikari.pool.HikariPool.createPoolEntry(HikariPool.java:476) ~[HikariCP-4.0.3.jar:na]
	at com.zaxxer.hikari.pool.HikariPool.checkFailFast(HikariPool.java:561) ~[HikariCP-4.0.3.jar:na]
	at com.zaxxer.hikari.pool.HikariPool.<init>(HikariPool.java:115) ~[HikariCP-4.0.3.jar:na]
	at com.zaxxer.hikari.HikariDataSource.getConnection(HikariDataSource.java:112) ~[HikariCP-4.0.3.jar:na]
	at org.flywaydb.core.internal.jdbc.JdbcUtils.openConnection(JdbcUtils.java:54) ~[flyway-core-7.7.3.jar:na]
	... 90 common frames omitted
Caused by: com.mysql.cj.exceptions.CJCommunicationsException: Communications link failure

The last packet sent successfully to the server was 0 milliseconds ago. The driver has not received any packets from the server.
	at java.base/jdk.internal.reflect.NativeConstructorAccessorImpl.newInstance0(Native Method) ~[na:na]
	at java.base/jdk.internal.reflect.NativeConstructorAccessorImpl.newInstance(NativeConstructorAccessorImpl.java:62) ~[na:na]
	at java.base/jdk.internal.reflect.DelegatingConstructorAccessorImpl.newInstance(DelegatingConstructorAccessorImpl.java:45) ~[na:na]
	at java.base/java.lang.reflect.Constructor.newInstanceWithCaller(Constructor.java:500) ~[na:na]
	at java.base/java.lang.reflect.Constructor.newInstance(Constructor.java:481) ~[na:na]
	at com.mysql.cj.exceptions.ExceptionFactory.createException(ExceptionFactory.java:61) ~[mysql-connector-java-8.0.25.jar:8.0.25]
	at com.mysql.cj.exceptions.ExceptionFactory.createException(ExceptionFactory.java:105) ~[mysql-connector-java-8.0.25.jar:8.0.25]
	at com.mysql.cj.exceptions.ExceptionFactory.createException(ExceptionFactory.java:151) ~[mysql-connector-java-8.0.25.jar:8.0.25]
	at com.mysql.cj.exceptions.ExceptionFactory.createCommunicationsException(ExceptionFactory.java:167) ~[mysql-connector-java-8.0.25.jar:8.0.25]
	at com.mysql.cj.protocol.a.NativeSocketConnection.connect(NativeSocketConnection.java:89) ~[mysql-connector-java-8.0.25.jar:8.0.25]
	at com.mysql.cj.NativeSession.connect(NativeSession.java:144) ~[mysql-connector-java-8.0.25.jar:8.0.25]
	at com.mysql.cj.jdbc.ConnectionImpl.connectOneTryOnly(ConnectionImpl.java:953) ~[mysql-connector-java-8.0.25.jar:8.0.25]
	at com.mysql.cj.jdbc.ConnectionImpl.createNewIO(ConnectionImpl.java:823) ~[mysql-connector-java-8.0.25.jar:8.0.25]
	... 101 common frames omitted
Caused by: java.net.ConnectException: Connection refused
	at java.base/sun.nio.ch.Net.pollConnect(Native Method) ~[na:na]
	at java.base/sun.nio.ch.Net.pollConnectNow(Net.java:589) ~[na:na]
	at java.base/sun.nio.ch.NioSocketImpl.timedFinishConnect(NioSocketImpl.java:542) ~[na:na]
	at java.base/sun.nio.ch.NioSocketImpl.connect(NioSocketImpl.java:597) ~[na:na]
	at java.base/java.net.SocksSocketImpl.connect(SocksSocketImpl.java:333) ~[na:na]
	at java.base/java.net.Socket.connect(Socket.java:648) ~[na:na]
	at com.mysql.cj.protocol.StandardSocketFactory.connect(StandardSocketFactory.java:155) ~[mysql-connector-java-8.0.25.jar:8.0.25]
	at com.mysql.cj.protocol.a.NativeSocketConnection.connect(NativeSocketConnection.java:63) ~[mysql-connector-java-8.0.25.jar:8.0.25]
	... 104 common frames omitted

2021-07-04 20:40:55.804 ERROR 35127 --- [           main] o.s.test.context.TestContextManager      : Caught exception while allowing TestExecutionListener [org.springframework.test.context.web.ServletTestExecutionListener@6bf08014] to prepare test instance [com.cliente.BuilderClienteApiApplicationTests@31e739bf]

java.lang.IllegalStateException: Failed to load ApplicationContext
	at org.springframework.test.context.cache.DefaultCacheAwareContextLoaderDelegate.loadContext(DefaultCacheAwareContextLoaderDelegate.java:132) ~[spring-test-5.3.8.jar:5.3.8]
	at org.springframework.test.context.support.DefaultTestContext.getApplicationContext(DefaultTestContext.java:124) ~[spring-test-5.3.8.jar:5.3.8]
	at org.springframework.test.context.web.ServletTestExecutionListener.setUpRequestContextIfNecessary(ServletTestExecutionListener.java:190) ~[spring-test-5.3.8.jar:5.3.8]
	at org.springframework.test.context.web.ServletTestExecutionListener.prepareTestInstance(ServletTestExecutionListener.java:132) ~[spring-test-5.3.8.jar:5.3.8]
	at org.springframework.test.context.TestContextManager.prepareTestInstance(TestContextManager.java:244) ~[spring-test-5.3.8.jar:5.3.8]
	at org.springframework.test.context.junit.jupiter.SpringExtension.postProcessTestInstance(SpringExtension.java:138) ~[spring-test-5.3.8.jar:5.3.8]
	at org.junit.jupiter.engine.descriptor.ClassBasedTestDescriptor.lambda$invokeTestInstancePostProcessors$6(ClassBasedTestDescriptor.java:350) ~[junit-jupiter-engine-5.7.2.jar:5.7.2]
	at org.junit.jupiter.engine.descriptor.ClassBasedTestDescriptor.executeAndMaskThrowable(ClassBasedTestDescriptor.java:355) ~[junit-jupiter-engine-5.7.2.jar:5.7.2]
	at org.junit.jupiter.engine.descriptor.ClassBasedTestDescriptor.lambda$invokeTestInstancePostProcessors$7(ClassBasedTestDescriptor.java:350) ~[junit-jupiter-engine-5.7.2.jar:5.7.2]
	at java.base/java.util.stream.ReferencePipeline$3$1.accept(ReferencePipeline.java:195) ~[na:na]
	at java.base/java.util.stream.ReferencePipeline$2$1.accept(ReferencePipeline.java:177) ~[na:na]
	at java.base/java.util.ArrayList$ArrayListSpliterator.forEachRemaining(ArrayList.java:1624) ~[na:na]
	at java.base/java.util.stream.AbstractPipeline.copyInto(AbstractPipeline.java:484) ~[na:na]
	at java.base/java.util.stream.AbstractPipeline.wrapAndCopyInto(AbstractPipeline.java:474) ~[na:na]
	at java.base/java.util.stream.StreamSpliterators$WrappingSpliterator.forEachRemaining(StreamSpliterators.java:312) ~[na:na]
	at java.base/java.util.stream.Streams$ConcatSpliterator.forEachRemaining(Streams.java:735) ~[na:na]
	at java.base/java.util.stream.Streams$ConcatSpliterator.forEachRemaining(Streams.java:734) ~[na:na]
	at java.base/java.util.stream.ReferencePipeline$Head.forEach(ReferencePipeline.java:658) ~[na:na]
	at org.junit.jupiter.engine.descriptor.ClassBasedTestDescriptor.invokeTestInstancePostProcessors(ClassBasedTestDescriptor.java:349) ~[junit-jupiter-engine-5.7.2.jar:5.7.2]
	at org.junit.jupiter.engine.descriptor.ClassBasedTestDescriptor.lambda$instantiateAndPostProcessTestInstance$4(ClassBasedTestDescriptor.java:270) ~[junit-jupiter-engine-5.7.2.jar:5.7.2]
	at org.junit.platform.engine.support.hierarchical.ThrowableCollector.execute(ThrowableCollector.java:73) ~[junit-platform-engine-1.7.2.jar:1.7.2]
	at org.junit.jupiter.engine.descriptor.ClassBasedTestDescriptor.instantiateAndPostProcessTestInstance(ClassBasedTestDescriptor.java:269) ~[junit-jupiter-engine-5.7.2.jar:5.7.2]
	at org.junit.jupiter.engine.descriptor.ClassBasedTestDescriptor.lambda$testInstancesProvider$2(ClassBasedTestDescriptor.java:259) ~[junit-jupiter-engine-5.7.2.jar:5.7.2]
	at java.base/java.util.Optional.orElseGet(Optional.java:362) ~[na:na]
	at org.junit.jupiter.engine.descriptor.ClassBasedTestDescriptor.lambda$testInstancesProvider$3(ClassBasedTestDescriptor.java:258) ~[junit-jupiter-engine-5.7.2.jar:5.7.2]
	at org.junit.jupiter.engine.execution.TestInstancesProvider.getTestInstances(TestInstancesProvider.java:31) ~[junit-jupiter-engine-5.7.2.jar:5.7.2]
	at org.junit.jupiter.engine.descriptor.TestMethodTestDescriptor.lambda$prepare$0(TestMethodTestDescriptor.java:101) ~[junit-jupiter-engine-5.7.2.jar:5.7.2]
	at org.junit.platform.engine.support.hierarchical.ThrowableCollector.execute(ThrowableCollector.java:73) ~[junit-platform-engine-1.7.2.jar:1.7.2]
	at org.junit.jupiter.engine.descriptor.TestMethodTestDescriptor.prepare(TestMethodTestDescriptor.java:100) ~[junit-jupiter-engine-5.7.2.jar:5.7.2]
	at org.junit.jupiter.engine.descriptor.TestMethodTestDescriptor.prepare(TestMethodTestDescriptor.java:65) ~[junit-jupiter-engine-5.7.2.jar:5.7.2]
	at org.junit.platform.engine.support.hierarchical.NodeTestTask.lambda$prepare$1(NodeTestTask.java:111) ~[junit-platform-engine-1.7.2.jar:1.7.2]
	at org.junit.platform.engine.support.hierarchical.ThrowableCollector.execute(ThrowableCollector.java:73) ~[junit-platform-engine-1.7.2.jar:1.7.2]
	at org.junit.platform.engine.support.hierarchical.NodeTestTask.prepare(NodeTestTask.java:111) ~[junit-platform-engine-1.7.2.jar:1.7.2]
	at org.junit.platform.engine.support.hierarchical.NodeTestTask.execute(NodeTestTask.java:79) ~[junit-platform-engine-1.7.2.jar:1.7.2]
	at java.base/java.util.ArrayList.forEach(ArrayList.java:1510) ~[na:na]
	at org.junit.platform.engine.support.hierarchical.SameThreadHierarchicalTestExecutorService.invokeAll(SameThreadHierarchicalTestExecutorService.java:38) ~[junit-platform-engine-1.7.2.jar:1.7.2]
	at org.junit.platform.engine.support.hierarchical.NodeTestTask.lambda$executeRecursively$5(NodeTestTask.java:143) ~[junit-platform-engine-1.7.2.jar:1.7.2]
	at org.junit.platform.engine.support.hierarchical.ThrowableCollector.execute(ThrowableCollector.java:73) ~[junit-platform-engine-1.7.2.jar:1.7.2]
	at org.junit.platform.engine.support.hierarchical.NodeTestTask.lambda$executeRecursively$7(NodeTestTask.java:129) ~[junit-platform-engine-1.7.2.jar:1.7.2]
	at org.junit.platform.engine.support.hierarchical.Node.around(Node.java:137) ~[junit-platform-engine-1.7.2.jar:1.7.2]
	at org.junit.platform.engine.support.hierarchical.NodeTestTask.lambda$executeRecursively$8(NodeTestTask.java:127) ~[junit-platform-engine-1.7.2.jar:1.7.2]
	at org.junit.platform.engine.support.hierarchical.ThrowableCollector.execute(ThrowableCollector.java:73) ~[junit-platform-engine-1.7.2.jar:1.7.2]
	at org.junit.platform.engine.support.hierarchical.NodeTestTask.executeRecursively(NodeTestTask.java:126) ~[junit-platform-engine-1.7.2.jar:1.7.2]
	at org.junit.platform.engine.support.hierarchical.NodeTestTask.execute(NodeTestTask.java:84) ~[junit-platform-engine-1.7.2.jar:1.7.2]
	at java.base/java.util.ArrayList.forEach(ArrayList.java:1510) ~[na:na]
	at org.junit.platform.engine.support.hierarchical.SameThreadHierarchicalTestExecutorService.invokeAll(SameThreadHierarchicalTestExecutorService.java:38) ~[junit-platform-engine-1.7.2.jar:1.7.2]
	at org.junit.platform.engine.support.hierarchical.NodeTestTask.lambda$executeRecursively$5(NodeTestTask.java:143) ~[junit-platform-engine-1.7.2.jar:1.7.2]
	at org.junit.platform.engine.support.hierarchical.ThrowableCollector.execute(ThrowableCollector.java:73) ~[junit-platform-engine-1.7.2.jar:1.7.2]
	at org.junit.platform.engine.support.hierarchical.NodeTestTask.lambda$executeRecursively$7(NodeTestTask.java:129) ~[junit-platform-engine-1.7.2.jar:1.7.2]
	at org.junit.platform.engine.support.hierarchical.Node.around(Node.java:137) ~[junit-platform-engine-1.7.2.jar:1.7.2]
	at org.junit.platform.engine.support.hierarchical.NodeTestTask.lambda$executeRecursively$8(NodeTestTask.java:127) ~[junit-platform-engine-1.7.2.jar:1.7.2]
	at org.junit.platform.engine.support.hierarchical.ThrowableCollector.execute(ThrowableCollector.java:73) ~[junit-platform-engine-1.7.2.jar:1.7.2]
	at org.junit.platform.engine.support.hierarchical.NodeTestTask.executeRecursively(NodeTestTask.java:126) ~[junit-platform-engine-1.7.2.jar:1.7.2]
	at org.junit.platform.engine.support.hierarchical.NodeTestTask.execute(NodeTestTask.java:84) ~[junit-platform-engine-1.7.2.jar:1.7.2]
	at org.junit.platform.engine.support.hierarchical.SameThreadHierarchicalTestExecutorService.submit(SameThreadHierarchicalTestExecutorService.java:32) ~[junit-platform-engine-1.7.2.jar:1.7.2]
	at org.junit.platform.engine.support.hierarchical.HierarchicalTestExecutor.execute(HierarchicalTestExecutor.java:57) ~[junit-platform-engine-1.7.2.jar:1.7.2]
	at org.junit.platform.engine.support.hierarchical.HierarchicalTestEngine.execute(HierarchicalTestEngine.java:51) ~[junit-platform-engine-1.7.2.jar:1.7.2]
	at org.junit.platform.launcher.core.DefaultLauncher.execute(DefaultLauncher.java:220) ~[junit-platform-launcher-1.3.1.jar:1.3.1]
	at org.junit.platform.launcher.core.DefaultLauncher.lambda$execute$6(DefaultLauncher.java:188) ~[junit-platform-launcher-1.3.1.jar:1.3.1]
	at org.junit.platform.launcher.core.DefaultLauncher.withInterceptedStreams(DefaultLauncher.java:202) ~[junit-platform-launcher-1.3.1.jar:1.3.1]
	at org.junit.platform.launcher.core.DefaultLauncher.execute(DefaultLauncher.java:181) ~[junit-platform-launcher-1.3.1.jar:1.3.1]
	at org.junit.platform.launcher.core.DefaultLauncher.execute(DefaultLauncher.java:128) ~[junit-platform-launcher-1.3.1.jar:1.3.1]
	at org.apache.maven.surefire.junitplatform.JUnitPlatformProvider.invokeAllTests(JUnitPlatformProvider.java:150) ~[surefire-junit-platform-2.22.2.jar:2.22.2]
	at org.apache.maven.surefire.junitplatform.JUnitPlatformProvider.invoke(JUnitPlatformProvider.java:124) ~[surefire-junit-platform-2.22.2.jar:2.22.2]
	at org.apache.maven.surefire.booter.ForkedBooter.invokeProviderInSameClassLoader(ForkedBooter.java:384) ~[surefire-booter-2.22.2.jar:2.22.2]
	at org.apache.maven.surefire.booter.ForkedBooter.runSuitesInProcess(ForkedBooter.java:345) ~[surefire-booter-2.22.2.jar:2.22.2]
	at org.apache.maven.surefire.booter.ForkedBooter.execute(ForkedBooter.java:126) ~[surefire-booter-2.22.2.jar:2.22.2]
	at org.apache.maven.surefire.booter.ForkedBooter.main(ForkedBooter.java:418) ~[surefire-booter-2.22.2.jar:2.22.2]
Caused by: org.springframework.beans.factory.BeanCreationException: Error creating bean with name 'flywayInitializer' defined in class path resource [org/springframework/boot/autoconfigure/flyway/FlywayAutoConfiguration$FlywayConfiguration.class]: Invocation of init method failed; nested exception is org.flywaydb.core.internal.exception.FlywaySqlException: 
Unable to obtain connection from database: Communications link failure

The last packet sent successfully to the server was 0 milliseconds ago. The driver has not received any packets from the server.
--------------------------------------------------------------------------------------------------------------------------------------------------------------------------------------------------------
SQL State  : 08S01
Error Code : 0
Message    : Communications link failure

The last packet sent successfully to the server was 0 milliseconds ago. The driver has not received any packets from the server.

	at org.springframework.beans.factory.support.AbstractAutowireCapableBeanFactory.initializeBean(AbstractAutowireCapableBeanFactory.java:1786) ~[spring-beans-5.3.8.jar:5.3.8]
	at org.springframework.beans.factory.support.AbstractAutowireCapableBeanFactory.doCreateBean(AbstractAutowireCapableBeanFactory.java:602) ~[spring-beans-5.3.8.jar:5.3.8]
	at org.springframework.beans.factory.support.AbstractAutowireCapableBeanFactory.createBean(AbstractAutowireCapableBeanFactory.java:524) ~[spring-beans-5.3.8.jar:5.3.8]
	at org.springframework.beans.factory.support.AbstractBeanFactory.lambda$doGetBean$0(AbstractBeanFactory.java:335) ~[spring-beans-5.3.8.jar:5.3.8]
	at org.springframework.beans.factory.support.DefaultSingletonBeanRegistry.getSingleton(DefaultSingletonBeanRegistry.java:234) ~[spring-beans-5.3.8.jar:5.3.8]
	at org.springframework.beans.factory.support.AbstractBeanFactory.doGetBean(AbstractBeanFactory.java:333) ~[spring-beans-5.3.8.jar:5.3.8]
	at org.springframework.beans.factory.support.AbstractBeanFactory.getBean(AbstractBeanFactory.java:208) ~[spring-beans-5.3.8.jar:5.3.8]
	at org.springframework.beans.factory.support.AbstractBeanFactory.doGetBean(AbstractBeanFactory.java:322) ~[spring-beans-5.3.8.jar:5.3.8]
	at org.springframework.beans.factory.support.AbstractBeanFactory.getBean(AbstractBeanFactory.java:208) ~[spring-beans-5.3.8.jar:5.3.8]
	at org.springframework.context.support.AbstractApplicationContext.getBean(AbstractApplicationContext.java:1154) ~[spring-context-5.3.8.jar:5.3.8]
	at org.springframework.context.support.AbstractApplicationContext.finishBeanFactoryInitialization(AbstractApplicationContext.java:908) ~[spring-context-5.3.8.jar:5.3.8]
	at org.springframework.context.support.AbstractApplicationContext.refresh(AbstractApplicationContext.java:583) ~[spring-context-5.3.8.jar:5.3.8]
	at org.springframework.boot.SpringApplication.refresh(SpringApplication.java:754) ~[spring-boot-2.5.2.jar:2.5.2]
	at org.springframework.boot.SpringApplication.refreshContext(SpringApplication.java:434) ~[spring-boot-2.5.2.jar:2.5.2]
	at org.springframework.boot.SpringApplication.run(SpringApplication.java:338) ~[spring-boot-2.5.2.jar:2.5.2]
	at org.springframework.boot.test.context.SpringBootContextLoader.loadContext(SpringBootContextLoader.java:123) ~[spring-boot-test-2.5.2.jar:2.5.2]
	at org.springframework.test.context.cache.DefaultCacheAwareContextLoaderDelegate.loadContextInternal(DefaultCacheAwareContextLoaderDelegate.java:99) ~[spring-test-5.3.8.jar:5.3.8]
	at org.springframework.test.context.cache.DefaultCacheAwareContextLoaderDelegate.loadContext(DefaultCacheAwareContextLoaderDelegate.java:124) ~[spring-test-5.3.8.jar:5.3.8]
	... 67 common frames omitted
Caused by: org.flywaydb.core.internal.exception.FlywaySqlException: 
Unable to obtain connection from database: Communications link failure

The last packet sent successfully to the server was 0 milliseconds ago. The driver has not received any packets from the server.
--------------------------------------------------------------------------------------------------------------------------------------------------------------------------------------------------------
SQL State  : 08S01
Error Code : 0
Message    : Communications link failure

The last packet sent successfully to the server was 0 milliseconds ago. The driver has not received any packets from the server.

	at org.flywaydb.core.internal.jdbc.JdbcUtils.openConnection(JdbcUtils.java:68) ~[flyway-core-7.7.3.jar:na]
	at org.flywaydb.core.internal.jdbc.JdbcConnectionFactory.<init>(JdbcConnectionFactory.java:69) ~[flyway-core-7.7.3.jar:na]
	at org.flywaydb.core.Flyway.execute(Flyway.java:508) ~[flyway-core-7.7.3.jar:na]
	at org.flywaydb.core.Flyway.migrate(Flyway.java:165) ~[flyway-core-7.7.3.jar:na]
	at org.springframework.boot.autoconfigure.flyway.FlywayMigrationInitializer.afterPropertiesSet(FlywayMigrationInitializer.java:66) ~[spring-boot-autoconfigure-2.5.2.jar:2.5.2]
	at org.springframework.beans.factory.support.AbstractAutowireCapableBeanFactory.invokeInitMethods(AbstractAutowireCapableBeanFactory.java:1845) ~[spring-beans-5.3.8.jar:5.3.8]
	at org.springframework.beans.factory.support.AbstractAutowireCapableBeanFactory.initializeBean(AbstractAutowireCapableBeanFactory.java:1782) ~[spring-beans-5.3.8.jar:5.3.8]
	... 84 common frames omitted
Caused by: com.mysql.cj.jdbc.exceptions.CommunicationsException: Communications link failure

The last packet sent successfully to the server was 0 milliseconds ago. The driver has not received any packets from the server.
	at com.mysql.cj.jdbc.exceptions.SQLError.createCommunicationsException(SQLError.java:174) ~[mysql-connector-java-8.0.25.jar:8.0.25]
	at com.mysql.cj.jdbc.exceptions.SQLExceptionsMapping.translateException(SQLExceptionsMapping.java:64) ~[mysql-connector-java-8.0.25.jar:8.0.25]
	at com.mysql.cj.jdbc.ConnectionImpl.createNewIO(ConnectionImpl.java:833) ~[mysql-connector-java-8.0.25.jar:8.0.25]
	at com.mysql.cj.jdbc.ConnectionImpl.<init>(ConnectionImpl.java:453) ~[mysql-connector-java-8.0.25.jar:8.0.25]
	at com.mysql.cj.jdbc.ConnectionImpl.getInstance(ConnectionImpl.java:246) ~[mysql-connector-java-8.0.25.jar:8.0.25]
	at com.mysql.cj.jdbc.NonRegisteringDriver.connect(NonRegisteringDriver.java:198) ~[mysql-connector-java-8.0.25.jar:8.0.25]
	at com.zaxxer.hikari.util.DriverDataSource.getConnection(DriverDataSource.java:138) ~[HikariCP-4.0.3.jar:na]
	at com.zaxxer.hikari.pool.PoolBase.newConnection(PoolBase.java:364) ~[HikariCP-4.0.3.jar:na]
	at com.zaxxer.hikari.pool.PoolBase.newPoolEntry(PoolBase.java:206) ~[HikariCP-4.0.3.jar:na]
	at com.zaxxer.hikari.pool.HikariPool.createPoolEntry(HikariPool.java:476) ~[HikariCP-4.0.3.jar:na]
	at com.zaxxer.hikari.pool.HikariPool.checkFailFast(HikariPool.java:561) ~[HikariCP-4.0.3.jar:na]
	at com.zaxxer.hikari.pool.HikariPool.<init>(HikariPool.java:115) ~[HikariCP-4.0.3.jar:na]
	at com.zaxxer.hikari.HikariDataSource.getConnection(HikariDataSource.java:112) ~[HikariCP-4.0.3.jar:na]
	at org.flywaydb.core.internal.jdbc.JdbcUtils.openConnection(JdbcUtils.java:54) ~[flyway-core-7.7.3.jar:na]
	... 90 common frames omitted
Caused by: com.mysql.cj.exceptions.CJCommunicationsException: Communications link failure

The last packet sent successfully to the server was 0 milliseconds ago. The driver has not received any packets from the server.
	at java.base/jdk.internal.reflect.NativeConstructorAccessorImpl.newInstance0(Native Method) ~[na:na]
	at java.base/jdk.internal.reflect.NativeConstructorAccessorImpl.newInstance(NativeConstructorAccessorImpl.java:62) ~[na:na]
	at java.base/jdk.internal.reflect.DelegatingConstructorAccessorImpl.newInstance(DelegatingConstructorAccessorImpl.java:45) ~[na:na]
	at java.base/java.lang.reflect.Constructor.newInstanceWithCaller(Constructor.java:500) ~[na:na]
	at java.base/java.lang.reflect.Constructor.newInstance(Constructor.java:481) ~[na:na]
	at com.mysql.cj.exceptions.ExceptionFactory.createException(ExceptionFactory.java:61) ~[mysql-connector-java-8.0.25.jar:8.0.25]
	at com.mysql.cj.exceptions.ExceptionFactory.createException(ExceptionFactory.java:105) ~[mysql-connector-java-8.0.25.jar:8.0.25]
	at com.mysql.cj.exceptions.ExceptionFactory.createException(ExceptionFactory.java:151) ~[mysql-connector-java-8.0.25.jar:8.0.25]
	at com.mysql.cj.exceptions.ExceptionFactory.createCommunicationsException(ExceptionFactory.java:167) ~[mysql-connector-java-8.0.25.jar:8.0.25]
	at com.mysql.cj.protocol.a.NativeSocketConnection.connect(NativeSocketConnection.java:89) ~[mysql-connector-java-8.0.25.jar:8.0.25]
	at com.mysql.cj.NativeSession.connect(NativeSession.java:144) ~[mysql-connector-java-8.0.25.jar:8.0.25]
	at com.mysql.cj.jdbc.ConnectionImpl.connectOneTryOnly(ConnectionImpl.java:953) ~[mysql-connector-java-8.0.25.jar:8.0.25]
	at com.mysql.cj.jdbc.ConnectionImpl.createNewIO(ConnectionImpl.java:823) ~[mysql-connector-java-8.0.25.jar:8.0.25]
	... 101 common frames omitted
Caused by: java.net.ConnectException: Connection refused
	at java.base/sun.nio.ch.Net.pollConnect(Native Method) ~[na:na]
	at java.base/sun.nio.ch.Net.pollConnectNow(Net.java:589) ~[na:na]
	at java.base/sun.nio.ch.NioSocketImpl.timedFinishConnect(NioSocketImpl.java:542) ~[na:na]
	at java.base/sun.nio.ch.NioSocketImpl.connect(NioSocketImpl.java:597) ~[na:na]
	at java.base/java.net.SocksSocketImpl.connect(SocksSocketImpl.java:333) ~[na:na]
	at java.base/java.net.Socket.connect(Socket.java:648) ~[na:na]
	at com.mysql.cj.protocol.StandardSocketFactory.connect(StandardSocketFactory.java:155) ~[mysql-connector-java-8.0.25.jar:8.0.25]
	at com.mysql.cj.protocol.a.NativeSocketConnection.connect(NativeSocketConnection.java:63) ~[mysql-connector-java-8.0.25.jar:8.0.25]
	... 104 common frames omitted

]]></system-out>
  </testcase>
</testsuite>